<?xml version="1.0" encoding="utf-8"?>
<CoverageSession xmlns:xsd="http://www.w3.org/2001/XMLSchema" xmlns:xsi="http://www.w3.org/2001/XMLSchema-instance" Version="4.6.0.0">
  <Summary numSequencePoints="212" visitedSequencePoints="47" numBranchPoints="59" visitedBranchPoints="13" sequenceCoverage="22.17" branchCoverage="22.03" maxCyclomaticComplexity="10" minCyclomaticComplexity="1" maxCrapScore="110" minCrapScore="1" visitedClasses="3" numClasses="6" visitedMethods="5" numMethods="27" />
  <Modules>
    <Module hash="E1-4C-80-89-67-6D-93-D1-19-2F-87-35-4D-23-11-2D-35-7F-39-A2">
      <Summary numSequencePoints="100" visitedSequencePoints="5" numBranchPoints="20" visitedBranchPoints="1" sequenceCoverage="5" branchCoverage="5" maxCyclomaticComplexity="1" minCyclomaticComplexity="1" maxCrapScore="2" minCrapScore="1" visitedClasses="1" numClasses="4" visitedMethods="1" numMethods="20" />
      <ModulePath>C:\Users\peter\Documents\Visual Studio 2017\Projects\RobotCleaner\RobotCleanerTests\bin\Debug\RobotCleanerTests.dll</ModulePath>
      <ModuleTime>2018-07-04T12:12:46.1621774Z</ModuleTime>
      <ModuleName>RobotCleanerTests</ModuleName>
      <Files>
        <File uid="1" fullPath="C:\Users\peter\Documents\Visual Studio 2017\Projects\RobotCleaner\RobotCleanerTests\UnitTest1.cs" />
      </Files>
      <Classes>
        <Class>
          <Summary numSequencePoints="40" visitedSequencePoints="0" numBranchPoints="8" visitedBranchPoints="0" sequenceCoverage="0" branchCoverage="0" maxCyclomaticComplexity="1" minCyclomaticComplexity="1" maxCrapScore="2" minCrapScore="2" visitedClasses="0" numClasses="1" visitedMethods="0" numMethods="8" />
          <FullName>RobotCleanerTests.ParallelOverlap</FullName>
          <Methods>
            <Method visited="false" cyclomaticComplexity="1" nPathComplexity="0" sequenceCoverage="0" branchCoverage="0" crapScore="2" isConstructor="false" isStatic="false" isGetter="false" isSetter="false">
              <Summary numSequencePoints="5" visitedSequencePoints="0" numBranchPoints="1" visitedBranchPoints="0" sequenceCoverage="0" branchCoverage="0" maxCyclomaticComplexity="1" minCyclomaticComplexity="1" maxCrapScore="2" minCrapScore="2" visitedClasses="0" numClasses="0" visitedMethods="0" numMethods="1" />
              <MetadataToken>100663297</MetadataToken>
              <Name>System.Void RobotCleanerTests.ParallelOverlap::TestHorizontalOverlapRight()</Name>
              <FileRef uid="1" />
              <SequencePoints>
                <SequencePoint vc="0" uspid="1" ordinal="0" offset="0" sl="13" sc="5" el="13" ec="6" bec="0" bev="0" fileid="1" />
                <SequencePoint vc="0" uspid="2" ordinal="1" offset="1" sl="14" sc="7" el="14" ec="44" bec="0" bev="0" fileid="1" />
                <SequencePoint vc="0" uspid="3" ordinal="2" offset="15" sl="15" sc="7" el="15" ec="44" bec="0" bev="0" fileid="1" />
                <SequencePoint vc="0" uspid="4" ordinal="3" offset="29" sl="17" sc="7" el="17" ec="65" bec="0" bev="0" fileid="1" />
                <SequencePoint vc="0" uspid="5" ordinal="4" offset="43" sl="18" sc="5" el="18" ec="6" bec="0" bev="0" fileid="1" />
              </SequencePoints>
              <BranchPoints />
              <MethodPoint xsi:type="SequencePoint" vc="0" uspid="1" ordinal="0" offset="0" sl="13" sc="5" el="13" ec="6" bec="0" bev="0" fileid="1" />
            </Method>
            <Method visited="false" cyclomaticComplexity="1" nPathComplexity="0" sequenceCoverage="0" branchCoverage="0" crapScore="2" isConstructor="false" isStatic="false" isGetter="false" isSetter="false">
              <Summary numSequencePoints="5" visitedSequencePoints="0" numBranchPoints="1" visitedBranchPoints="0" sequenceCoverage="0" branchCoverage="0" maxCyclomaticComplexity="1" minCyclomaticComplexity="1" maxCrapScore="2" minCrapScore="2" visitedClasses="0" numClasses="0" visitedMethods="0" numMethods="1" />
              <MetadataToken>100663298</MetadataToken>
              <Name>System.Void RobotCleanerTests.ParallelOverlap::TestHorizontalOverlapLeft()</Name>
              <FileRef uid="1" />
              <SequencePoints>
                <SequencePoint vc="0" uspid="6" ordinal="0" offset="0" sl="22" sc="5" el="22" ec="6" bec="0" bev="0" fileid="1" />
                <SequencePoint vc="0" uspid="7" ordinal="1" offset="1" sl="23" sc="7" el="23" ec="44" bec="0" bev="0" fileid="1" />
                <SequencePoint vc="0" uspid="8" ordinal="2" offset="15" sl="24" sc="7" el="24" ec="43" bec="0" bev="0" fileid="1" />
                <SequencePoint vc="0" uspid="9" ordinal="3" offset="28" sl="26" sc="7" el="26" ec="65" bec="0" bev="0" fileid="1" />
                <SequencePoint vc="0" uspid="10" ordinal="4" offset="42" sl="27" sc="5" el="27" ec="6" bec="0" bev="0" fileid="1" />
              </SequencePoints>
              <BranchPoints />
              <MethodPoint xsi:type="SequencePoint" vc="0" uspid="6" ordinal="0" offset="0" sl="22" sc="5" el="22" ec="6" bec="0" bev="0" fileid="1" />
            </Method>
            <Method visited="false" cyclomaticComplexity="1" nPathComplexity="0" sequenceCoverage="0" branchCoverage="0" crapScore="2" isConstructor="false" isStatic="false" isGetter="false" isSetter="false">
              <Summary numSequencePoints="5" visitedSequencePoints="0" numBranchPoints="1" visitedBranchPoints="0" sequenceCoverage="0" branchCoverage="0" maxCyclomaticComplexity="1" minCyclomaticComplexity="1" maxCrapScore="2" minCrapScore="2" visitedClasses="0" numClasses="0" visitedMethods="0" numMethods="1" />
              <MetadataToken>100663299</MetadataToken>
              <Name>System.Void RobotCleanerTests.ParallelOverlap::TestHorizontalOverlapComplete()</Name>
              <FileRef uid="1" />
              <SequencePoints>
                <SequencePoint vc="0" uspid="11" ordinal="0" offset="0" sl="31" sc="5" el="31" ec="6" bec="0" bev="0" fileid="1" />
                <SequencePoint vc="0" uspid="12" ordinal="1" offset="1" sl="32" sc="7" el="32" ec="44" bec="0" bev="0" fileid="1" />
                <SequencePoint vc="0" uspid="13" ordinal="2" offset="15" sl="33" sc="7" el="33" ec="44" bec="0" bev="0" fileid="1" />
                <SequencePoint vc="0" uspid="14" ordinal="3" offset="29" sl="35" sc="7" el="35" ec="65" bec="0" bev="0" fileid="1" />
                <SequencePoint vc="0" uspid="15" ordinal="4" offset="43" sl="36" sc="5" el="36" ec="6" bec="0" bev="0" fileid="1" />
              </SequencePoints>
              <BranchPoints />
              <MethodPoint xsi:type="SequencePoint" vc="0" uspid="11" ordinal="0" offset="0" sl="31" sc="5" el="31" ec="6" bec="0" bev="0" fileid="1" />
            </Method>
            <Method visited="false" cyclomaticComplexity="1" nPathComplexity="0" sequenceCoverage="0" branchCoverage="0" crapScore="2" isConstructor="false" isStatic="false" isGetter="false" isSetter="false">
              <Summary numSequencePoints="5" visitedSequencePoints="0" numBranchPoints="1" visitedBranchPoints="0" sequenceCoverage="0" branchCoverage="0" maxCyclomaticComplexity="1" minCyclomaticComplexity="1" maxCrapScore="2" minCrapScore="2" visitedClasses="0" numClasses="0" visitedMethods="0" numMethods="1" />
              <MetadataToken>100663300</MetadataToken>
              <Name>System.Void RobotCleanerTests.ParallelOverlap::TestHorizontalNoOverlap()</Name>
              <FileRef uid="1" />
              <SequencePoints>
                <SequencePoint vc="0" uspid="16" ordinal="0" offset="0" sl="40" sc="5" el="40" ec="6" bec="0" bev="0" fileid="1" />
                <SequencePoint vc="0" uspid="17" ordinal="1" offset="1" sl="41" sc="7" el="41" ec="44" bec="0" bev="0" fileid="1" />
                <SequencePoint vc="0" uspid="18" ordinal="2" offset="15" sl="42" sc="7" el="42" ec="45" bec="0" bev="0" fileid="1" />
                <SequencePoint vc="0" uspid="19" ordinal="3" offset="30" sl="44" sc="7" el="44" ec="65" bec="0" bev="0" fileid="1" />
                <SequencePoint vc="0" uspid="20" ordinal="4" offset="44" sl="45" sc="5" el="45" ec="6" bec="0" bev="0" fileid="1" />
              </SequencePoints>
              <BranchPoints />
              <MethodPoint xsi:type="SequencePoint" vc="0" uspid="16" ordinal="0" offset="0" sl="40" sc="5" el="40" ec="6" bec="0" bev="0" fileid="1" />
            </Method>
            <Method visited="false" cyclomaticComplexity="1" nPathComplexity="0" sequenceCoverage="0" branchCoverage="0" crapScore="2" isConstructor="false" isStatic="false" isGetter="false" isSetter="false">
              <Summary numSequencePoints="5" visitedSequencePoints="0" numBranchPoints="1" visitedBranchPoints="0" sequenceCoverage="0" branchCoverage="0" maxCyclomaticComplexity="1" minCyclomaticComplexity="1" maxCrapScore="2" minCrapScore="2" visitedClasses="0" numClasses="0" visitedMethods="0" numMethods="1" />
              <MetadataToken>100663301</MetadataToken>
              <Name>System.Void RobotCleanerTests.ParallelOverlap::TestVerticalOverlapBottom()</Name>
              <FileRef uid="1" />
              <SequencePoints>
                <SequencePoint vc="0" uspid="21" ordinal="0" offset="0" sl="49" sc="5" el="49" ec="6" bec="0" bev="0" fileid="1" />
                <SequencePoint vc="0" uspid="22" ordinal="1" offset="1" sl="50" sc="7" el="50" ec="44" bec="0" bev="0" fileid="1" />
                <SequencePoint vc="0" uspid="23" ordinal="2" offset="15" sl="51" sc="7" el="51" ec="44" bec="0" bev="0" fileid="1" />
                <SequencePoint vc="0" uspid="24" ordinal="3" offset="29" sl="53" sc="7" el="53" ec="65" bec="0" bev="0" fileid="1" />
                <SequencePoint vc="0" uspid="25" ordinal="4" offset="43" sl="54" sc="5" el="54" ec="6" bec="0" bev="0" fileid="1" />
              </SequencePoints>
              <BranchPoints />
              <MethodPoint xsi:type="SequencePoint" vc="0" uspid="21" ordinal="0" offset="0" sl="49" sc="5" el="49" ec="6" bec="0" bev="0" fileid="1" />
            </Method>
            <Method visited="false" cyclomaticComplexity="1" nPathComplexity="0" sequenceCoverage="0" branchCoverage="0" crapScore="2" isConstructor="false" isStatic="false" isGetter="false" isSetter="false">
              <Summary numSequencePoints="5" visitedSequencePoints="0" numBranchPoints="1" visitedBranchPoints="0" sequenceCoverage="0" branchCoverage="0" maxCyclomaticComplexity="1" minCyclomaticComplexity="1" maxCrapScore="2" minCrapScore="2" visitedClasses="0" numClasses="0" visitedMethods="0" numMethods="1" />
              <MetadataToken>100663302</MetadataToken>
              <Name>System.Void RobotCleanerTests.ParallelOverlap::TestVerticalOverlapTop()</Name>
              <FileRef uid="1" />
              <SequencePoints>
                <SequencePoint vc="0" uspid="26" ordinal="0" offset="0" sl="58" sc="5" el="58" ec="6" bec="0" bev="0" fileid="1" />
                <SequencePoint vc="0" uspid="27" ordinal="1" offset="1" sl="59" sc="7" el="59" ec="44" bec="0" bev="0" fileid="1" />
                <SequencePoint vc="0" uspid="28" ordinal="2" offset="15" sl="60" sc="7" el="60" ec="43" bec="0" bev="0" fileid="1" />
                <SequencePoint vc="0" uspid="29" ordinal="3" offset="28" sl="62" sc="7" el="62" ec="65" bec="0" bev="0" fileid="1" />
                <SequencePoint vc="0" uspid="30" ordinal="4" offset="42" sl="63" sc="5" el="63" ec="6" bec="0" bev="0" fileid="1" />
              </SequencePoints>
              <BranchPoints />
              <MethodPoint xsi:type="SequencePoint" vc="0" uspid="26" ordinal="0" offset="0" sl="58" sc="5" el="58" ec="6" bec="0" bev="0" fileid="1" />
            </Method>
            <Method visited="false" cyclomaticComplexity="1" nPathComplexity="0" sequenceCoverage="0" branchCoverage="0" crapScore="2" isConstructor="false" isStatic="false" isGetter="false" isSetter="false">
              <Summary numSequencePoints="5" visitedSequencePoints="0" numBranchPoints="1" visitedBranchPoints="0" sequenceCoverage="0" branchCoverage="0" maxCyclomaticComplexity="1" minCyclomaticComplexity="1" maxCrapScore="2" minCrapScore="2" visitedClasses="0" numClasses="0" visitedMethods="0" numMethods="1" />
              <MetadataToken>100663303</MetadataToken>
              <Name>System.Void RobotCleanerTests.ParallelOverlap::TestVerticalOverlapComplete()</Name>
              <FileRef uid="1" />
              <SequencePoints>
                <SequencePoint vc="0" uspid="31" ordinal="0" offset="0" sl="67" sc="5" el="67" ec="6" bec="0" bev="0" fileid="1" />
                <SequencePoint vc="0" uspid="32" ordinal="1" offset="1" sl="68" sc="7" el="68" ec="44" bec="0" bev="0" fileid="1" />
                <SequencePoint vc="0" uspid="33" ordinal="2" offset="15" sl="69" sc="7" el="69" ec="44" bec="0" bev="0" fileid="1" />
                <SequencePoint vc="0" uspid="34" ordinal="3" offset="29" sl="71" sc="7" el="71" ec="65" bec="0" bev="0" fileid="1" />
                <SequencePoint vc="0" uspid="35" ordinal="4" offset="43" sl="72" sc="5" el="72" ec="6" bec="0" bev="0" fileid="1" />
              </SequencePoints>
              <BranchPoints />
              <MethodPoint xsi:type="SequencePoint" vc="0" uspid="31" ordinal="0" offset="0" sl="67" sc="5" el="67" ec="6" bec="0" bev="0" fileid="1" />
            </Method>
            <Method visited="false" cyclomaticComplexity="1" nPathComplexity="0" sequenceCoverage="0" branchCoverage="0" crapScore="2" isConstructor="false" isStatic="false" isGetter="false" isSetter="false">
              <Summary numSequencePoints="5" visitedSequencePoints="0" numBranchPoints="1" visitedBranchPoints="0" sequenceCoverage="0" branchCoverage="0" maxCyclomaticComplexity="1" minCyclomaticComplexity="1" maxCrapScore="2" minCrapScore="2" visitedClasses="0" numClasses="0" visitedMethods="0" numMethods="1" />
              <MetadataToken>100663304</MetadataToken>
              <Name>System.Void RobotCleanerTests.ParallelOverlap::TestVerticalNoOverlap()</Name>
              <FileRef uid="1" />
              <SequencePoints>
                <SequencePoint vc="0" uspid="36" ordinal="0" offset="0" sl="76" sc="5" el="76" ec="6" bec="0" bev="0" fileid="1" />
                <SequencePoint vc="0" uspid="37" ordinal="1" offset="1" sl="77" sc="7" el="77" ec="44" bec="0" bev="0" fileid="1" />
                <SequencePoint vc="0" uspid="38" ordinal="2" offset="15" sl="78" sc="7" el="78" ec="45" bec="0" bev="0" fileid="1" />
                <SequencePoint vc="0" uspid="39" ordinal="3" offset="30" sl="80" sc="7" el="80" ec="65" bec="0" bev="0" fileid="1" />
                <SequencePoint vc="0" uspid="40" ordinal="4" offset="44" sl="81" sc="5" el="81" ec="6" bec="0" bev="0" fileid="1" />
              </SequencePoints>
              <BranchPoints />
              <MethodPoint xsi:type="SequencePoint" vc="0" uspid="36" ordinal="0" offset="0" sl="76" sc="5" el="76" ec="6" bec="0" bev="0" fileid="1" />
            </Method>
            <Method visited="false" cyclomaticComplexity="1" nPathComplexity="0" sequenceCoverage="0" branchCoverage="0" crapScore="2" isConstructor="true" isStatic="false" isGetter="false" isSetter="false">
              <Summary numSequencePoints="0" visitedSequencePoints="0" numBranchPoints="0" visitedBranchPoints="0" sequenceCoverage="0" branchCoverage="0" maxCyclomaticComplexity="1" minCyclomaticComplexity="1" maxCrapScore="2" minCrapScore="2" visitedClasses="0" numClasses="0" visitedMethods="0" numMethods="0" />
              <MetadataToken>100663305</MetadataToken>
              <Name>System.Void RobotCleanerTests.ParallelOverlap::.ctor()</Name>
              <SequencePoints />
              <BranchPoints />
              <MethodPoint vc="0" uspid="41" ordinal="0" offset="0" />
            </Method>
          </Methods>
        </Class>
        <Class>
          <Summary numSequencePoints="25" visitedSequencePoints="0" numBranchPoints="5" visitedBranchPoints="0" sequenceCoverage="0" branchCoverage="0" maxCyclomaticComplexity="1" minCyclomaticComplexity="1" maxCrapScore="2" minCrapScore="2" visitedClasses="0" numClasses="1" visitedMethods="0" numMethods="5" />
          <FullName>RobotCleanerTests.InterSectionOverlap</FullName>
          <Methods>
            <Method visited="false" cyclomaticComplexity="1" nPathComplexity="0" sequenceCoverage="0" branchCoverage="0" crapScore="2" isConstructor="false" isStatic="false" isGetter="false" isSetter="false">
              <Summary numSequencePoints="5" visitedSequencePoints="0" numBranchPoints="1" visitedBranchPoints="0" sequenceCoverage="0" branchCoverage="0" maxCyclomaticComplexity="1" minCyclomaticComplexity="1" maxCrapScore="2" minCrapScore="2" visitedClasses="0" numClasses="0" visitedMethods="0" numMethods="1" />
              <MetadataToken>100663306</MetadataToken>
              <Name>System.Void RobotCleanerTests.InterSectionOverlap::TestMiddleIntersection()</Name>
              <FileRef uid="1" />
              <SequencePoints>
                <SequencePoint vc="0" uspid="42" ordinal="0" offset="0" sl="89" sc="5" el="89" ec="6" bec="0" bev="0" fileid="1" />
                <SequencePoint vc="0" uspid="43" ordinal="1" offset="1" sl="90" sc="7" el="90" ec="42" bec="0" bev="0" fileid="1" />
                <SequencePoint vc="0" uspid="44" ordinal="2" offset="13" sl="91" sc="7" el="91" ec="42" bec="0" bev="0" fileid="1" />
                <SequencePoint vc="0" uspid="45" ordinal="3" offset="25" sl="93" sc="7" el="93" ec="69" bec="0" bev="0" fileid="1" />
                <SequencePoint vc="0" uspid="46" ordinal="4" offset="39" sl="94" sc="5" el="94" ec="6" bec="0" bev="0" fileid="1" />
              </SequencePoints>
              <BranchPoints />
              <MethodPoint xsi:type="SequencePoint" vc="0" uspid="42" ordinal="0" offset="0" sl="89" sc="5" el="89" ec="6" bec="0" bev="0" fileid="1" />
            </Method>
            <Method visited="false" cyclomaticComplexity="1" nPathComplexity="0" sequenceCoverage="0" branchCoverage="0" crapScore="2" isConstructor="false" isStatic="false" isGetter="false" isSetter="false">
              <Summary numSequencePoints="5" visitedSequencePoints="0" numBranchPoints="1" visitedBranchPoints="0" sequenceCoverage="0" branchCoverage="0" maxCyclomaticComplexity="1" minCyclomaticComplexity="1" maxCrapScore="2" minCrapScore="2" visitedClasses="0" numClasses="0" visitedMethods="0" numMethods="1" />
              <MetadataToken>100663307</MetadataToken>
              <Name>System.Void RobotCleanerTests.InterSectionOverlap::TestMiddleIntersectionInverted()</Name>
              <FileRef uid="1" />
              <SequencePoints>
                <SequencePoint vc="0" uspid="47" ordinal="0" offset="0" sl="98" sc="5" el="98" ec="6" bec="0" bev="0" fileid="1" />
                <SequencePoint vc="0" uspid="48" ordinal="1" offset="1" sl="99" sc="7" el="99" ec="42" bec="0" bev="0" fileid="1" />
                <SequencePoint vc="0" uspid="49" ordinal="2" offset="13" sl="100" sc="7" el="100" ec="42" bec="0" bev="0" fileid="1" />
                <SequencePoint vc="0" uspid="50" ordinal="3" offset="25" sl="102" sc="7" el="102" ec="69" bec="0" bev="0" fileid="1" />
                <SequencePoint vc="0" uspid="51" ordinal="4" offset="39" sl="103" sc="5" el="103" ec="6" bec="0" bev="0" fileid="1" />
              </SequencePoints>
              <BranchPoints />
              <MethodPoint xsi:type="SequencePoint" vc="0" uspid="47" ordinal="0" offset="0" sl="98" sc="5" el="98" ec="6" bec="0" bev="0" fileid="1" />
            </Method>
            <Method visited="false" cyclomaticComplexity="1" nPathComplexity="0" sequenceCoverage="0" branchCoverage="0" crapScore="2" isConstructor="false" isStatic="false" isGetter="false" isSetter="false">
              <Summary numSequencePoints="5" visitedSequencePoints="0" numBranchPoints="1" visitedBranchPoints="0" sequenceCoverage="0" branchCoverage="0" maxCyclomaticComplexity="1" minCyclomaticComplexity="1" maxCrapScore="2" minCrapScore="2" visitedClasses="0" numClasses="0" visitedMethods="0" numMethods="1" />
              <MetadataToken>100663308</MetadataToken>
              <Name>System.Void RobotCleanerTests.InterSectionOverlap::IgnoreJustTheTip()</Name>
              <FileRef uid="1" />
              <SequencePoints>
                <SequencePoint vc="0" uspid="52" ordinal="0" offset="0" sl="107" sc="5" el="107" ec="6" bec="0" bev="0" fileid="1" />
                <SequencePoint vc="0" uspid="53" ordinal="1" offset="1" sl="108" sc="7" el="108" ec="42" bec="0" bev="0" fileid="1" />
                <SequencePoint vc="0" uspid="54" ordinal="2" offset="13" sl="109" sc="7" el="109" ec="44" bec="0" bev="0" fileid="1" />
                <SequencePoint vc="0" uspid="55" ordinal="3" offset="27" sl="111" sc="7" el="111" ec="69" bec="0" bev="0" fileid="1" />
                <SequencePoint vc="0" uspid="56" ordinal="4" offset="41" sl="112" sc="5" el="112" ec="6" bec="0" bev="0" fileid="1" />
              </SequencePoints>
              <BranchPoints />
              <MethodPoint xsi:type="SequencePoint" vc="0" uspid="52" ordinal="0" offset="0" sl="107" sc="5" el="107" ec="6" bec="0" bev="0" fileid="1" />
            </Method>
            <Method visited="false" cyclomaticComplexity="1" nPathComplexity="0" sequenceCoverage="0" branchCoverage="0" crapScore="2" isConstructor="false" isStatic="false" isGetter="false" isSetter="false">
              <Summary numSequencePoints="5" visitedSequencePoints="0" numBranchPoints="1" visitedBranchPoints="0" sequenceCoverage="0" branchCoverage="0" maxCyclomaticComplexity="1" minCyclomaticComplexity="1" maxCrapScore="2" minCrapScore="2" visitedClasses="0" numClasses="0" visitedMethods="0" numMethods="1" />
              <MetadataToken>100663309</MetadataToken>
              <Name>System.Void RobotCleanerTests.InterSectionOverlap::IgnoreJustTheTipInverted()</Name>
              <FileRef uid="1" />
              <SequencePoints>
                <SequencePoint vc="0" uspid="57" ordinal="0" offset="0" sl="116" sc="5" el="116" ec="6" bec="0" bev="0" fileid="1" />
                <SequencePoint vc="0" uspid="58" ordinal="1" offset="1" sl="117" sc="7" el="117" ec="42" bec="0" bev="0" fileid="1" />
                <SequencePoint vc="0" uspid="59" ordinal="2" offset="13" sl="118" sc="7" el="118" ec="44" bec="0" bev="0" fileid="1" />
                <SequencePoint vc="0" uspid="60" ordinal="3" offset="27" sl="120" sc="7" el="120" ec="69" bec="0" bev="0" fileid="1" />
                <SequencePoint vc="0" uspid="61" ordinal="4" offset="41" sl="121" sc="5" el="121" ec="6" bec="0" bev="0" fileid="1" />
              </SequencePoints>
              <BranchPoints />
              <MethodPoint xsi:type="SequencePoint" vc="0" uspid="57" ordinal="0" offset="0" sl="116" sc="5" el="116" ec="6" bec="0" bev="0" fileid="1" />
            </Method>
            <Method visited="false" cyclomaticComplexity="1" nPathComplexity="0" sequenceCoverage="0" branchCoverage="0" crapScore="2" isConstructor="false" isStatic="false" isGetter="false" isSetter="false">
              <Summary numSequencePoints="5" visitedSequencePoints="0" numBranchPoints="1" visitedBranchPoints="0" sequenceCoverage="0" branchCoverage="0" maxCyclomaticComplexity="1" minCyclomaticComplexity="1" maxCrapScore="2" minCrapScore="2" visitedClasses="0" numClasses="0" visitedMethods="0" numMethods="1" />
              <MetadataToken>100663310</MetadataToken>
              <Name>System.Void RobotCleanerTests.InterSectionOverlap::NoIntersection()</Name>
              <FileRef uid="1" />
              <SequencePoints>
                <SequencePoint vc="0" uspid="62" ordinal="0" offset="0" sl="125" sc="5" el="125" ec="6" bec="0" bev="0" fileid="1" />
                <SequencePoint vc="0" uspid="63" ordinal="1" offset="1" sl="126" sc="7" el="126" ec="41" bec="0" bev="0" fileid="1" />
                <SequencePoint vc="0" uspid="64" ordinal="2" offset="12" sl="127" sc="7" el="127" ec="44" bec="0" bev="0" fileid="1" />
                <SequencePoint vc="0" uspid="65" ordinal="3" offset="26" sl="129" sc="7" el="129" ec="69" bec="0" bev="0" fileid="1" />
                <SequencePoint vc="0" uspid="66" ordinal="4" offset="40" sl="130" sc="5" el="130" ec="6" bec="0" bev="0" fileid="1" />
              </SequencePoints>
              <BranchPoints />
              <MethodPoint xsi:type="SequencePoint" vc="0" uspid="62" ordinal="0" offset="0" sl="125" sc="5" el="125" ec="6" bec="0" bev="0" fileid="1" />
            </Method>
            <Method visited="false" cyclomaticComplexity="1" nPathComplexity="0" sequenceCoverage="0" branchCoverage="0" crapScore="2" isConstructor="true" isStatic="false" isGetter="false" isSetter="false">
              <Summary numSequencePoints="0" visitedSequencePoints="0" numBranchPoints="0" visitedBranchPoints="0" sequenceCoverage="0" branchCoverage="0" maxCyclomaticComplexity="1" minCyclomaticComplexity="1" maxCrapScore="2" minCrapScore="2" visitedClasses="0" numClasses="0" visitedMethods="0" numMethods="0" />
              <MetadataToken>100663311</MetadataToken>
              <Name>System.Void RobotCleanerTests.InterSectionOverlap::.ctor()</Name>
              <SequencePoints />
              <BranchPoints />
              <MethodPoint vc="0" uspid="67" ordinal="0" offset="0" />
            </Method>
          </Methods>
        </Class>
        <Class>
          <Summary numSequencePoints="20" visitedSequencePoints="0" numBranchPoints="4" visitedBranchPoints="0" sequenceCoverage="0" branchCoverage="0" maxCyclomaticComplexity="1" minCyclomaticComplexity="1" maxCrapScore="2" minCrapScore="2" visitedClasses="0" numClasses="1" visitedMethods="0" numMethods="4" />
          <FullName>RobotCleanerTests.EvaluateParallelAndSamePlane</FullName>
          <Methods>
            <Method visited="false" cyclomaticComplexity="1" nPathComplexity="0" sequenceCoverage="0" branchCoverage="0" crapScore="2" isConstructor="false" isStatic="false" isGetter="false" isSetter="false">
              <Summary numSequencePoints="5" visitedSequencePoints="0" numBranchPoints="1" visitedBranchPoints="0" sequenceCoverage="0" branchCoverage="0" maxCyclomaticComplexity="1" minCyclomaticComplexity="1" maxCrapScore="2" minCrapScore="2" visitedClasses="0" numClasses="0" visitedMethods="0" numMethods="1" />
              <MetadataToken>100663312</MetadataToken>
              <Name>System.Void RobotCleanerTests.EvaluateParallelAndSamePlane::SameHorizontalPlane()</Name>
              <FileRef uid="1" />
              <SequencePoints>
                <SequencePoint vc="0" uspid="68" ordinal="0" offset="0" sl="139" sc="5" el="139" ec="6" bec="0" bev="0" fileid="1" />
                <SequencePoint vc="0" uspid="69" ordinal="1" offset="1" sl="140" sc="7" el="140" ec="42" bec="0" bev="0" fileid="1" />
                <SequencePoint vc="0" uspid="70" ordinal="2" offset="13" sl="141" sc="7" el="141" ec="44" bec="0" bev="0" fileid="1" />
                <SequencePoint vc="0" uspid="71" ordinal="3" offset="26" sl="143" sc="7" el="143" ec="73" bec="0" bev="0" fileid="1" />
                <SequencePoint vc="0" uspid="72" ordinal="4" offset="39" sl="144" sc="5" el="144" ec="6" bec="0" bev="0" fileid="1" />
              </SequencePoints>
              <BranchPoints />
              <MethodPoint xsi:type="SequencePoint" vc="0" uspid="68" ordinal="0" offset="0" sl="139" sc="5" el="139" ec="6" bec="0" bev="0" fileid="1" />
            </Method>
            <Method visited="false" cyclomaticComplexity="1" nPathComplexity="0" sequenceCoverage="0" branchCoverage="0" crapScore="2" isConstructor="false" isStatic="false" isGetter="false" isSetter="false">
              <Summary numSequencePoints="5" visitedSequencePoints="0" numBranchPoints="1" visitedBranchPoints="0" sequenceCoverage="0" branchCoverage="0" maxCyclomaticComplexity="1" minCyclomaticComplexity="1" maxCrapScore="2" minCrapScore="2" visitedClasses="0" numClasses="0" visitedMethods="0" numMethods="1" />
              <MetadataToken>100663313</MetadataToken>
              <Name>System.Void RobotCleanerTests.EvaluateParallelAndSamePlane::SameVerticalPlane()</Name>
              <FileRef uid="1" />
              <SequencePoints>
                <SequencePoint vc="0" uspid="73" ordinal="0" offset="0" sl="148" sc="5" el="148" ec="6" bec="0" bev="0" fileid="1" />
                <SequencePoint vc="0" uspid="74" ordinal="1" offset="1" sl="149" sc="7" el="149" ec="42" bec="0" bev="0" fileid="1" />
                <SequencePoint vc="0" uspid="75" ordinal="2" offset="13" sl="150" sc="7" el="150" ec="44" bec="0" bev="0" fileid="1" />
                <SequencePoint vc="0" uspid="76" ordinal="3" offset="26" sl="152" sc="7" el="152" ec="73" bec="0" bev="0" fileid="1" />
                <SequencePoint vc="0" uspid="77" ordinal="4" offset="39" sl="153" sc="5" el="153" ec="6" bec="0" bev="0" fileid="1" />
              </SequencePoints>
              <BranchPoints />
              <MethodPoint xsi:type="SequencePoint" vc="0" uspid="73" ordinal="0" offset="0" sl="148" sc="5" el="148" ec="6" bec="0" bev="0" fileid="1" />
            </Method>
            <Method visited="false" cyclomaticComplexity="1" nPathComplexity="0" sequenceCoverage="0" branchCoverage="0" crapScore="2" isConstructor="false" isStatic="false" isGetter="false" isSetter="false">
              <Summary numSequencePoints="5" visitedSequencePoints="0" numBranchPoints="1" visitedBranchPoints="0" sequenceCoverage="0" branchCoverage="0" maxCyclomaticComplexity="1" minCyclomaticComplexity="1" maxCrapScore="2" minCrapScore="2" visitedClasses="0" numClasses="0" visitedMethods="0" numMethods="1" />
              <MetadataToken>100663314</MetadataToken>
              <Name>System.Void RobotCleanerTests.EvaluateParallelAndSamePlane::DifferentVerticalPlane()</Name>
              <FileRef uid="1" />
              <SequencePoints>
                <SequencePoint vc="0" uspid="78" ordinal="0" offset="0" sl="157" sc="5" el="157" ec="6" bec="0" bev="0" fileid="1" />
                <SequencePoint vc="0" uspid="79" ordinal="1" offset="1" sl="158" sc="7" el="158" ec="42" bec="0" bev="0" fileid="1" />
                <SequencePoint vc="0" uspid="80" ordinal="2" offset="13" sl="159" sc="7" el="159" ec="44" bec="0" bev="0" fileid="1" />
                <SequencePoint vc="0" uspid="81" ordinal="3" offset="26" sl="161" sc="7" el="161" ec="74" bec="0" bev="0" fileid="1" />
                <SequencePoint vc="0" uspid="82" ordinal="4" offset="39" sl="162" sc="5" el="162" ec="6" bec="0" bev="0" fileid="1" />
              </SequencePoints>
              <BranchPoints />
              <MethodPoint xsi:type="SequencePoint" vc="0" uspid="78" ordinal="0" offset="0" sl="157" sc="5" el="157" ec="6" bec="0" bev="0" fileid="1" />
            </Method>
            <Method visited="false" cyclomaticComplexity="1" nPathComplexity="0" sequenceCoverage="0" branchCoverage="0" crapScore="2" isConstructor="false" isStatic="false" isGetter="false" isSetter="false">
              <Summary numSequencePoints="5" visitedSequencePoints="0" numBranchPoints="1" visitedBranchPoints="0" sequenceCoverage="0" branchCoverage="0" maxCyclomaticComplexity="1" minCyclomaticComplexity="1" maxCrapScore="2" minCrapScore="2" visitedClasses="0" numClasses="0" visitedMethods="0" numMethods="1" />
              <MetadataToken>100663315</MetadataToken>
              <Name>System.Void RobotCleanerTests.EvaluateParallelAndSamePlane::DifferentOrientations()</Name>
              <FileRef uid="1" />
              <SequencePoints>
                <SequencePoint vc="0" uspid="83" ordinal="0" offset="0" sl="166" sc="5" el="166" ec="6" bec="0" bev="0" fileid="1" />
                <SequencePoint vc="0" uspid="84" ordinal="1" offset="1" sl="167" sc="7" el="167" ec="43" bec="0" bev="0" fileid="1" />
                <SequencePoint vc="0" uspid="85" ordinal="2" offset="13" sl="168" sc="7" el="168" ec="44" bec="0" bev="0" fileid="1" />
                <SequencePoint vc="0" uspid="86" ordinal="3" offset="26" sl="170" sc="7" el="170" ec="74" bec="0" bev="0" fileid="1" />
                <SequencePoint vc="0" uspid="87" ordinal="4" offset="39" sl="171" sc="5" el="171" ec="6" bec="0" bev="0" fileid="1" />
              </SequencePoints>
              <BranchPoints />
              <MethodPoint xsi:type="SequencePoint" vc="0" uspid="83" ordinal="0" offset="0" sl="166" sc="5" el="166" ec="6" bec="0" bev="0" fileid="1" />
            </Method>
            <Method visited="false" cyclomaticComplexity="1" nPathComplexity="0" sequenceCoverage="0" branchCoverage="0" crapScore="2" isConstructor="true" isStatic="false" isGetter="false" isSetter="false">
              <Summary numSequencePoints="0" visitedSequencePoints="0" numBranchPoints="0" visitedBranchPoints="0" sequenceCoverage="0" branchCoverage="0" maxCyclomaticComplexity="1" minCyclomaticComplexity="1" maxCrapScore="2" minCrapScore="2" visitedClasses="0" numClasses="0" visitedMethods="0" numMethods="0" />
              <MetadataToken>100663316</MetadataToken>
              <Name>System.Void RobotCleanerTests.EvaluateParallelAndSamePlane::.ctor()</Name>
              <SequencePoints />
              <BranchPoints />
              <MethodPoint vc="0" uspid="88" ordinal="0" offset="0" />
            </Method>
          </Methods>
        </Class>
        <Class>
          <Summary numSequencePoints="15" visitedSequencePoints="5" numBranchPoints="3" visitedBranchPoints="1" sequenceCoverage="33.33" branchCoverage="33.33" maxCyclomaticComplexity="1" minCyclomaticComplexity="1" maxCrapScore="2" minCrapScore="1" visitedClasses="1" numClasses="1" visitedMethods="1" numMethods="3" />
          <FullName>RobotCleanerTests.CheckForOverlap</FullName>
          <Methods>
            <Method visited="false" cyclomaticComplexity="1" nPathComplexity="0" sequenceCoverage="0" branchCoverage="0" crapScore="2" isConstructor="false" isStatic="false" isGetter="false" isSetter="false">
              <Summary numSequencePoints="5" visitedSequencePoints="0" numBranchPoints="1" visitedBranchPoints="0" sequenceCoverage="0" branchCoverage="0" maxCyclomaticComplexity="1" minCyclomaticComplexity="1" maxCrapScore="2" minCrapScore="2" visitedClasses="0" numClasses="0" visitedMethods="0" numMethods="1" />
              <MetadataToken>100663317</MetadataToken>
              <Name>System.Void RobotCleanerTests.CheckForOverlap::TestSimpleNoOverlappingLines()</Name>
              <FileRef uid="1" />
              <SequencePoints>
                <SequencePoint vc="0" uspid="89" ordinal="0" offset="0" sl="179" sc="5" el="179" ec="6" bec="0" bev="0" fileid="1" />
                <SequencePoint vc="0" uspid="90" ordinal="1" offset="1" sl="180" sc="7" el="180" ec="38" bec="0" bev="0" fileid="1" />
                <SequencePoint vc="0" uspid="91" ordinal="2" offset="8" sl="181" sc="7" el="181" ec="47" bec="0" bev="0" fileid="1" />
                <SequencePoint vc="0" uspid="92" ordinal="3" offset="28" sl="183" sc="7" el="183" ec="106" bec="0" bev="0" fileid="1" />
                <SequencePoint vc="0" uspid="93" ordinal="4" offset="57" sl="184" sc="5" el="184" ec="6" bec="0" bev="0" fileid="1" />
              </SequencePoints>
              <BranchPoints />
              <MethodPoint xsi:type="SequencePoint" vc="0" uspid="89" ordinal="0" offset="0" sl="179" sc="5" el="179" ec="6" bec="0" bev="0" fileid="1" />
            </Method>
            <Method visited="true" cyclomaticComplexity="1" nPathComplexity="0" sequenceCoverage="100" branchCoverage="100" crapScore="1" isConstructor="false" isStatic="false" isGetter="false" isSetter="false">
              <Summary numSequencePoints="5" visitedSequencePoints="5" numBranchPoints="1" visitedBranchPoints="1" sequenceCoverage="100" branchCoverage="100" maxCyclomaticComplexity="1" minCyclomaticComplexity="1" maxCrapScore="1" minCrapScore="1" visitedClasses="0" numClasses="0" visitedMethods="1" numMethods="1" />
              <MetadataToken>100663318</MetadataToken>
              <Name>System.Void RobotCleanerTests.CheckForOverlap::TestSimpleOverlappingLines()</Name>
              <FileRef uid="1" />
              <SequencePoints>
                <SequencePoint vc="1" uspid="94" ordinal="0" offset="0" sl="188" sc="5" el="188" ec="6" bec="0" bev="0" fileid="1">
                  <TrackedMethodRefs>
                    <TrackedMethodRef uid="19" vc="1" />
                  </TrackedMethodRefs>
                </SequencePoint>
                <SequencePoint vc="1" uspid="95" ordinal="1" offset="1" sl="189" sc="7" el="189" ec="38" bec="0" bev="0" fileid="1">
                  <TrackedMethodRefs>
                    <TrackedMethodRef uid="19" vc="1" />
                  </TrackedMethodRefs>
                </SequencePoint>
                <SequencePoint vc="1" uspid="96" ordinal="2" offset="8" sl="190" sc="7" el="190" ec="44" bec="0" bev="0" fileid="1">
                  <TrackedMethodRefs>
                    <TrackedMethodRef uid="19" vc="1" />
                  </TrackedMethodRefs>
                </SequencePoint>
                <SequencePoint vc="1" uspid="97" ordinal="3" offset="25" sl="192" sc="7" el="192" ec="103" bec="0" bev="0" fileid="1">
                  <TrackedMethodRefs>
                    <TrackedMethodRef uid="19" vc="1" />
                  </TrackedMethodRefs>
                </SequencePoint>
                <SequencePoint vc="1" uspid="98" ordinal="4" offset="51" sl="193" sc="5" el="193" ec="6" bec="0" bev="0" fileid="1">
                  <TrackedMethodRefs>
                    <TrackedMethodRef uid="19" vc="1" />
                  </TrackedMethodRefs>
                </SequencePoint>
              </SequencePoints>
              <BranchPoints />
              <MethodPoint xsi:type="SequencePoint" vc="1" uspid="94" ordinal="0" offset="0" sl="188" sc="5" el="188" ec="6" bec="0" bev="0" fileid="1">
                <TrackedMethodRefs>
                  <TrackedMethodRef uid="19" vc="1" />
                </TrackedMethodRefs>
              </MethodPoint>
            </Method>
            <Method visited="false" cyclomaticComplexity="1" nPathComplexity="0" sequenceCoverage="0" branchCoverage="0" crapScore="2" isConstructor="false" isStatic="false" isGetter="false" isSetter="false">
              <Summary numSequencePoints="5" visitedSequencePoints="0" numBranchPoints="1" visitedBranchPoints="0" sequenceCoverage="0" branchCoverage="0" maxCyclomaticComplexity="1" minCyclomaticComplexity="1" maxCrapScore="2" minCrapScore="2" visitedClasses="0" numClasses="0" visitedMethods="0" numMethods="1" />
              <MetadataToken>100663319</MetadataToken>
              <Name>System.Void RobotCleanerTests.CheckForOverlap::TestSimpleNoOverlappingDifferentPlanes()</Name>
              <FileRef uid="1" />
              <SequencePoints>
                <SequencePoint vc="0" uspid="99" ordinal="0" offset="0" sl="197" sc="5" el="197" ec="6" bec="0" bev="0" fileid="1" />
                <SequencePoint vc="0" uspid="100" ordinal="1" offset="1" sl="198" sc="7" el="198" ec="38" bec="0" bev="0" fileid="1" />
                <SequencePoint vc="0" uspid="101" ordinal="2" offset="8" sl="199" sc="7" el="199" ec="44" bec="0" bev="0" fileid="1" />
                <SequencePoint vc="0" uspid="102" ordinal="3" offset="25" sl="201" sc="7" el="201" ec="103" bec="0" bev="0" fileid="1" />
                <SequencePoint vc="0" uspid="103" ordinal="4" offset="51" sl="202" sc="5" el="202" ec="6" bec="0" bev="0" fileid="1" />
              </SequencePoints>
              <BranchPoints />
              <MethodPoint xsi:type="SequencePoint" vc="0" uspid="99" ordinal="0" offset="0" sl="197" sc="5" el="197" ec="6" bec="0" bev="0" fileid="1" />
            </Method>
            <Method visited="false" cyclomaticComplexity="1" nPathComplexity="0" sequenceCoverage="0" branchCoverage="0" crapScore="2" isConstructor="true" isStatic="false" isGetter="false" isSetter="false">
              <Summary numSequencePoints="0" visitedSequencePoints="0" numBranchPoints="0" visitedBranchPoints="0" sequenceCoverage="0" branchCoverage="0" maxCyclomaticComplexity="1" minCyclomaticComplexity="1" maxCrapScore="2" minCrapScore="2" visitedClasses="0" numClasses="0" visitedMethods="0" numMethods="0" />
              <MetadataToken>100663320</MetadataToken>
              <Name>System.Void RobotCleanerTests.CheckForOverlap::.ctor()</Name>
              <SequencePoints />
              <BranchPoints />
              <MethodPoint vc="0" uspid="104" ordinal="0" offset="0" />
            </Method>
          </Methods>
        </Class>
      </Classes>
      <TrackedMethods>
        <TrackedMethod uid="1" token="100663297" name="System.Void RobotCleanerTests.ParallelOverlap::TestHorizontalOverlapRight()" strategy="MSTestTest" />
        <TrackedMethod uid="2" token="100663298" name="System.Void RobotCleanerTests.ParallelOverlap::TestHorizontalOverlapLeft()" strategy="MSTestTest" />
        <TrackedMethod uid="3" token="100663299" name="System.Void RobotCleanerTests.ParallelOverlap::TestHorizontalOverlapComplete()" strategy="MSTestTest" />
        <TrackedMethod uid="4" token="100663300" name="System.Void RobotCleanerTests.ParallelOverlap::TestHorizontalNoOverlap()" strategy="MSTestTest" />
        <TrackedMethod uid="5" token="100663301" name="System.Void RobotCleanerTests.ParallelOverlap::TestVerticalOverlapBottom()" strategy="MSTestTest" />
        <TrackedMethod uid="6" token="100663302" name="System.Void RobotCleanerTests.ParallelOverlap::TestVerticalOverlapTop()" strategy="MSTestTest" />
        <TrackedMethod uid="7" token="100663303" name="System.Void RobotCleanerTests.ParallelOverlap::TestVerticalOverlapComplete()" strategy="MSTestTest" />
        <TrackedMethod uid="8" token="100663304" name="System.Void RobotCleanerTests.ParallelOverlap::TestVerticalNoOverlap()" strategy="MSTestTest" />
        <TrackedMethod uid="9" token="100663306" name="System.Void RobotCleanerTests.InterSectionOverlap::TestMiddleIntersection()" strategy="MSTestTest" />
        <TrackedMethod uid="10" token="100663307" name="System.Void RobotCleanerTests.InterSectionOverlap::TestMiddleIntersectionInverted()" strategy="MSTestTest" />
        <TrackedMethod uid="11" token="100663308" name="System.Void RobotCleanerTests.InterSectionOverlap::IgnoreJustTheTip()" strategy="MSTestTest" />
        <TrackedMethod uid="12" token="100663309" name="System.Void RobotCleanerTests.InterSectionOverlap::IgnoreJustTheTipInverted()" strategy="MSTestTest" />
        <TrackedMethod uid="13" token="100663310" name="System.Void RobotCleanerTests.InterSectionOverlap::NoIntersection()" strategy="MSTestTest" />
        <TrackedMethod uid="14" token="100663312" name="System.Void RobotCleanerTests.EvaluateParallelAndSamePlane::SameHorizontalPlane()" strategy="MSTestTest" />
        <TrackedMethod uid="15" token="100663313" name="System.Void RobotCleanerTests.EvaluateParallelAndSamePlane::SameVerticalPlane()" strategy="MSTestTest" />
        <TrackedMethod uid="16" token="100663314" name="System.Void RobotCleanerTests.EvaluateParallelAndSamePlane::DifferentVerticalPlane()" strategy="MSTestTest" />
        <TrackedMethod uid="17" token="100663315" name="System.Void RobotCleanerTests.EvaluateParallelAndSamePlane::DifferentOrientations()" strategy="MSTestTest" />
        <TrackedMethod uid="18" token="100663317" name="System.Void RobotCleanerTests.CheckForOverlap::TestSimpleNoOverlappingLines()" strategy="MSTestTest" />
        <TrackedMethod uid="19" token="100663318" name="System.Void RobotCleanerTests.CheckForOverlap::TestSimpleOverlappingLines()" strategy="MSTestTest" />
        <TrackedMethod uid="20" token="100663319" name="System.Void RobotCleanerTests.CheckForOverlap::TestSimpleNoOverlappingDifferentPlanes()" strategy="MSTestTest" />
      </TrackedMethods>
    </Module>
    <Module hash="56-9C-B3-DE-2F-56-40-B6-A9-45-92-BE-FC-27-00-9E-D3-6C-0C-2E">
      <Summary numSequencePoints="112" visitedSequencePoints="42" numBranchPoints="39" visitedBranchPoints="12" sequenceCoverage="37.5" branchCoverage="30.77" maxCyclomaticComplexity="10" minCyclomaticComplexity="1" maxCrapScore="110" minCrapScore="2" visitedClasses="2" numClasses="2" visitedMethods="4" numMethods="7" />
      <ModulePath>C:\Users\peter\Documents\Visual Studio 2017\Projects\RobotCleaner\RobotCleanerTests\bin\Debug\RobotCleaner.exe</ModulePath>
      <ModuleTime>2018-07-04T11:23:41.4256602Z</ModuleTime>
      <ModuleName>RobotCleaner</ModuleName>
      <Files>
        <File uid="9" fullPath="C:\Users\peter\Documents\Visual Studio 2017\Projects\RobotCleaner\RobotCleaner\Program.cs" />
      </Files>
      <Classes>
        <Class>
          <Summary numSequencePoints="7" visitedSequencePoints="7" numBranchPoints="3" visitedBranchPoints="2" sequenceCoverage="100" branchCoverage="66.67" maxCyclomaticComplexity="3" minCyclomaticComplexity="3" maxCrapScore="3" minCrapScore="3" visitedClasses="1" numClasses="1" visitedMethods="1" numMethods="1" />
          <FullName>RobotCleaner.Line</FullName>
          <Methods>
            <Method visited="true" cyclomaticComplexity="3" nPathComplexity="2" sequenceCoverage="100" branchCoverage="66.67" crapScore="3" isConstructor="true" isStatic="false" isGetter="false" isSetter="false">
              <Summary numSequencePoints="7" visitedSequencePoints="7" numBranchPoints="3" visitedBranchPoints="2" sequenceCoverage="100" branchCoverage="66.67" maxCyclomaticComplexity="3" minCyclomaticComplexity="3" maxCrapScore="3" minCrapScore="3" visitedClasses="0" numClasses="0" visitedMethods="1" numMethods="1" />
              <MetadataToken>100663297</MetadataToken>
              <Name>System.Void RobotCleaner.Line::.ctor(System.Int32,System.Int32,System.Int32,System.Int32)</Name>
              <FileRef uid="9" />
              <SequencePoints>
                <SequencePoint vc="2" uspid="105" ordinal="0" offset="0" sl="21" sc="5" el="21" ec="6" bec="0" bev="0" fileid="9">
                  <TrackedMethodRefs>
                    <TrackedMethodRef uid="19" vc="2" />
                  </TrackedMethodRefs>
                </SequencePoint>
                <SequencePoint vc="2" uspid="106" ordinal="1" offset="1" sl="22" sc="7" el="22" ec="53" bec="0" bev="0" fileid="9">
                  <TrackedMethodRefs>
                    <TrackedMethodRef uid="19" vc="2" />
                  </TrackedMethodRefs>
                </SequencePoint>
                <SequencePoint vc="2" uspid="107" ordinal="2" offset="14" sl="23" sc="7" el="23" ec="53" bec="0" bev="0" fileid="9">
                  <TrackedMethodRefs>
                    <TrackedMethodRef uid="19" vc="2" />
                  </TrackedMethodRefs>
                </SequencePoint>
                <SequencePoint vc="2" uspid="108" ordinal="3" offset="28" sl="24" sc="7" el="24" ec="51" bec="0" bev="0" fileid="9">
                  <TrackedMethodRefs>
                    <TrackedMethodRef uid="19" vc="2" />
                  </TrackedMethodRefs>
                </SequencePoint>
                <SequencePoint vc="2" uspid="109" ordinal="4" offset="41" sl="25" sc="7" el="25" ec="51" bec="0" bev="0" fileid="9">
                  <TrackedMethodRefs>
                    <TrackedMethodRef uid="19" vc="2" />
                  </TrackedMethodRefs>
                </SequencePoint>
                <SequencePoint vc="2" uspid="110" ordinal="5" offset="55" sl="26" sc="7" el="26" ec="90" bec="2" bev="1" fileid="9">
                  <TrackedMethodRefs>
                    <TrackedMethodRef uid="19" vc="2" />
                  </TrackedMethodRefs>
                </SequencePoint>
                <SequencePoint vc="2" uspid="111" ordinal="6" offset="69" sl="27" sc="5" el="27" ec="6" bec="0" bev="0" fileid="9">
                  <TrackedMethodRefs>
                    <TrackedMethodRef uid="19" vc="2" />
                  </TrackedMethodRefs>
                </SequencePoint>
              </SequencePoints>
              <BranchPoints>
                <BranchPoint vc="2" uspid="112" ordinal="0" offset="58" sl="26" path="0" offsetend="60" fileid="9">
                  <TrackedMethodRefs>
                    <TrackedMethodRef uid="19" vc="2" />
                  </TrackedMethodRefs>
                </BranchPoint>
                <BranchPoint vc="0" uspid="113" ordinal="1" offset="58" sl="26" path="1" offsetend="63" fileid="9" />
              </BranchPoints>
              <MethodPoint xsi:type="SequencePoint" vc="2" uspid="105" ordinal="0" offset="0" sl="21" sc="5" el="21" ec="6" bec="0" bev="0" fileid="9">
                <TrackedMethodRefs>
                  <TrackedMethodRef uid="19" vc="2" />
                </TrackedMethodRefs>
              </MethodPoint>
            </Method>
          </Methods>
        </Class>
        <Class>
          <Summary numSequencePoints="105" visitedSequencePoints="35" numBranchPoints="36" visitedBranchPoints="10" sequenceCoverage="33.33" branchCoverage="27.78" maxCyclomaticComplexity="10" minCyclomaticComplexity="1" maxCrapScore="110" minCrapScore="2" visitedClasses="1" numClasses="1" visitedMethods="3" numMethods="6" />
          <FullName>RobotCleaner.Program</FullName>
          <Methods>
            <Method visited="false" cyclomaticComplexity="1" nPathComplexity="0" sequenceCoverage="0" branchCoverage="0" crapScore="2" isConstructor="false" isStatic="true" isGetter="false" isSetter="false">
              <Summary numSequencePoints="5" visitedSequencePoints="0" numBranchPoints="1" visitedBranchPoints="0" sequenceCoverage="0" branchCoverage="0" maxCyclomaticComplexity="1" minCyclomaticComplexity="1" maxCrapScore="2" minCrapScore="2" visitedClasses="0" numClasses="0" visitedMethods="0" numMethods="1" />
              <MetadataToken>100663298</MetadataToken>
              <Name>System.Void RobotCleaner.Program::Main(System.String[])</Name>
              <FileRef uid="9" />
              <SequencePoints>
                <SequencePoint vc="0" uspid="114" ordinal="0" offset="0" sl="34" sc="5" el="34" ec="6" bec="0" bev="0" fileid="9" />
                <SequencePoint vc="0" uspid="115" ordinal="1" offset="1" sl="36" sc="7" el="36" ec="57" bec="0" bev="0" fileid="9" />
                <SequencePoint vc="0" uspid="116" ordinal="2" offset="12" sl="37" sc="7" el="37" ec="122" bec="0" bev="0" fileid="9" />
                <SequencePoint vc="0" uspid="117" ordinal="3" offset="35" sl="39" sc="7" el="39" ec="103" bec="0" bev="0" fileid="9" />
                <SequencePoint vc="0" uspid="118" ordinal="4" offset="58" sl="40" sc="5" el="40" ec="6" bec="0" bev="0" fileid="9" />
              </SequencePoints>
              <BranchPoints />
              <MethodPoint xsi:type="SequencePoint" vc="0" uspid="114" ordinal="0" offset="0" sl="34" sc="5" el="34" ec="6" bec="0" bev="0" fileid="9" />
            </Method>
            <Method visited="false" cyclomaticComplexity="6" nPathComplexity="32" sequenceCoverage="0" branchCoverage="0" crapScore="42" isConstructor="false" isStatic="true" isGetter="false" isSetter="false">
              <Summary numSequencePoints="37" visitedSequencePoints="0" numBranchPoints="11" visitedBranchPoints="0" sequenceCoverage="0" branchCoverage="0" maxCyclomaticComplexity="6" minCyclomaticComplexity="6" maxCrapScore="42" minCrapScore="42" visitedClasses="0" numClasses="0" visitedMethods="0" numMethods="1" />
              <MetadataToken>100663299</MetadataToken>
              <Name>System.Void RobotCleaner.Program::CleanWorld(System.Int32,System.Int32,System.Int32)</Name>
              <FileRef uid="9" />
              <SequencePoints>
                <SequencePoint vc="0" uspid="119" ordinal="0" offset="0" sl="45" sc="5" el="45" ec="6" bec="0" bev="0" fileid="9" />
                <SequencePoint vc="0" uspid="120" ordinal="1" offset="1" sl="47" sc="7" el="47" ec="50" bec="0" bev="0" fileid="9" />
                <SequencePoint vc="0" uspid="121" ordinal="2" offset="8" sl="48" sc="7" el="48" ec="26" bec="0" bev="0" fileid="9" />
                <SequencePoint vc="0" uspid="122" ordinal="3" offset="10" sl="49" sc="7" el="49" ec="34" bec="0" bev="0" fileid="9" />
                <SequencePoint vc="0" uspid="123" ordinal="4" offset="12" sl="50" sc="7" el="50" ec="34" bec="0" bev="0" fileid="9" />
                <SequencePoint vc="0" uspid="124" ordinal="5" offset="14" sl="52" sc="12" el="52" ec="21" bec="0" bev="0" fileid="9" />
                <SequencePoint vc="0" uspid="125" ordinal="6" offset="22" sl="53" sc="7" el="53" ec="8" bec="0" bev="0" fileid="9" />
                <SequencePoint vc="0" uspid="126" ordinal="7" offset="23" sl="54" sc="9" el="54" ec="43" bec="0" bev="0" fileid="9" />
                <SequencePoint vc="0" uspid="127" ordinal="8" offset="30" sl="56" sc="9" el="56" ec="100" bec="0" bev="0" fileid="9" />
                <SequencePoint vc="0" uspid="128" ordinal="9" offset="51" sl="57" sc="9" el="57" ec="47" bec="0" bev="0" fileid="9" />
                <SequencePoint vc="0" uspid="129" ordinal="10" offset="57" sl="58" sc="9" el="58" ec="51" bec="0" bev="0" fileid="9" />
                <SequencePoint vc="0" uspid="130" ordinal="11" offset="68" sl="59" sc="9" el="59" ec="23" bec="0" bev="0" fileid="9" />
                <SequencePoint vc="0" uspid="131" ordinal="12" offset="71" sl="60" sc="9" el="60" ec="23" bec="0" bev="0" fileid="9" />
                <SequencePoint vc="0" uspid="132" ordinal="13" offset="74" sl="61" sc="9" el="61" ec="34" bec="8" bev="0" fileid="9" />
                <SequencePoint vc="0" uspid="133" ordinal="14" offset="136" sl="64" sc="13" el="64" ec="34" bec="0" bev="0" fileid="9" />
                <SequencePoint vc="0" uspid="134" ordinal="15" offset="140" sl="65" sc="13" el="65" ec="19" bec="0" bev="0" fileid="9" />
                <SequencePoint vc="0" uspid="135" ordinal="16" offset="142" sl="67" sc="13" el="67" ec="35" bec="0" bev="0" fileid="9" />
                <SequencePoint vc="0" uspid="136" ordinal="17" offset="147" sl="68" sc="13" el="68" ec="19" bec="0" bev="0" fileid="9" />
                <SequencePoint vc="0" uspid="137" ordinal="18" offset="149" sl="70" sc="13" el="70" ec="35" bec="0" bev="0" fileid="9" />
                <SequencePoint vc="0" uspid="138" ordinal="19" offset="154" sl="71" sc="13" el="71" ec="19" bec="0" bev="0" fileid="9" />
                <SequencePoint vc="0" uspid="139" ordinal="20" offset="156" sl="73" sc="13" el="73" ec="34" bec="0" bev="0" fileid="9" />
                <SequencePoint vc="0" uspid="140" ordinal="21" offset="160" sl="74" sc="13" el="74" ec="19" bec="0" bev="0" fileid="9" />
                <SequencePoint vc="0" uspid="141" ordinal="22" offset="162" sl="76" sc="13" el="76" ec="19" bec="0" bev="0" fileid="9" />
                <SequencePoint vc="0" uspid="142" ordinal="23" offset="164" sl="79" sc="9" el="79" ec="43" bec="0" bev="0" fileid="9" />
                <SequencePoint vc="0" uspid="143" ordinal="24" offset="170" sl="80" sc="9" el="80" ec="43" bec="0" bev="0" fileid="9" />
                <SequencePoint vc="0" uspid="144" ordinal="25" offset="176" sl="82" sc="9" el="82" ec="81" bec="0" bev="0" fileid="9" />
                <SequencePoint vc="0" uspid="145" ordinal="26" offset="189" sl="84" sc="9" el="84" ec="66" bec="0" bev="0" fileid="9" />
                <SequencePoint vc="0" uspid="146" ordinal="27" offset="201" sl="85" sc="9" el="85" ec="46" bec="0" bev="0" fileid="9" />
                <SequencePoint vc="0" uspid="147" ordinal="28" offset="209" sl="86" sc="9" el="86" ec="36" bec="0" bev="0" fileid="9" />
                <SequencePoint vc="0" uspid="148" ordinal="29" offset="219" sl="87" sc="9" el="87" ec="31" bec="0" bev="0" fileid="9" />
                <SequencePoint vc="0" uspid="149" ordinal="30" offset="222" sl="88" sc="9" el="88" ec="31" bec="0" bev="0" fileid="9" />
                <SequencePoint vc="0" uspid="150" ordinal="31" offset="225" sl="90" sc="7" el="90" ec="8" bec="0" bev="0" fileid="9" />
                <SequencePoint vc="0" uspid="151" ordinal="32" offset="226" sl="52" sc="42" el="52" ec="45" bec="0" bev="0" fileid="9" />
                <SequencePoint vc="0" uspid="152" ordinal="33" offset="232" sl="52" sc="23" el="52" ec="40" bec="2" bev="0" fileid="9" />
                <SequencePoint vc="0" uspid="153" ordinal="34" offset="246" sl="92" sc="7" el="92" ec="56" bec="0" bev="0" fileid="9" />
                <SequencePoint vc="0" uspid="154" ordinal="35" offset="263" sl="93" sc="7" el="93" ec="26" bec="0" bev="0" fileid="9" />
                <SequencePoint vc="0" uspid="155" ordinal="36" offset="269" sl="94" sc="5" el="94" ec="6" bec="0" bev="0" fileid="9" />
              </SequencePoints>
              <BranchPoints>
                <BranchPoint vc="0" uspid="156" ordinal="0" offset="90" sl="61" path="0" offsetend="92" fileid="9" />
                <BranchPoint vc="0" uspid="157" ordinal="1" offset="90" sl="61" path="1" offsetend="136" fileid="9" />
                <BranchPoint vc="0" uspid="158" ordinal="2" offset="104" sl="61" path="0" offsetend="106" fileid="9" />
                <BranchPoint vc="0" uspid="159" ordinal="3" offset="104" sl="61" path="1" offsetend="142" fileid="9" />
                <BranchPoint vc="0" uspid="160" ordinal="4" offset="118" sl="61" path="0" offsetend="120" fileid="9" />
                <BranchPoint vc="0" uspid="161" ordinal="5" offset="118" sl="61" path="1" offsetend="149" fileid="9" />
                <BranchPoint vc="0" uspid="162" ordinal="6" offset="132" sl="61" path="0" offsetchain="134 162" offsetend="164" fileid="9" />
                <BranchPoint vc="0" uspid="163" ordinal="7" offset="132" sl="61" path="1" offsetend="156" fileid="9" />
                <BranchPoint vc="0" uspid="164" ordinal="8" offset="241" sl="52" path="0" offsetend="246" fileid="9" />
                <BranchPoint vc="0" uspid="165" ordinal="9" offset="241" sl="52" path="1" offsetend="22" fileid="9" />
              </BranchPoints>
              <MethodPoint xsi:type="SequencePoint" vc="0" uspid="119" ordinal="0" offset="0" sl="45" sc="5" el="45" ec="6" bec="0" bev="0" fileid="9" />
            </Method>
            <Method visited="true" cyclomaticComplexity="4" nPathComplexity="8" sequenceCoverage="77.78" branchCoverage="57.14" crapScore="4.18" isConstructor="false" isStatic="true" isGetter="false" isSetter="false">
              <Summary numSequencePoints="18" visitedSequencePoints="14" numBranchPoints="7" visitedBranchPoints="4" sequenceCoverage="77.78" branchCoverage="57.14" maxCyclomaticComplexity="4" minCyclomaticComplexity="4" maxCrapScore="4.18" minCrapScore="4.18" visitedClasses="0" numClasses="0" visitedMethods="1" numMethods="1" />
              <MetadataToken>100663300</MetadataToken>
              <Name>System.Int32 RobotCleaner.Program::CheckForOverlap(RobotCleaner.Line,RobotCleaner.Line[],System.Int32)</Name>
              <FileRef uid="9" />
              <SequencePoints>
                <SequencePoint vc="1" uspid="166" ordinal="0" offset="0" sl="97" sc="5" el="97" ec="6" bec="0" bev="0" fileid="9">
                  <TrackedMethodRefs>
                    <TrackedMethodRef uid="19" vc="1" />
                  </TrackedMethodRefs>
                </SequencePoint>
                <SequencePoint vc="1" uspid="167" ordinal="1" offset="1" sl="98" sc="7" el="98" ec="28" bec="0" bev="0" fileid="9">
                  <TrackedMethodRefs>
                    <TrackedMethodRef uid="19" vc="1" />
                  </TrackedMethodRefs>
                </SequencePoint>
                <SequencePoint vc="1" uspid="168" ordinal="2" offset="3" sl="99" sc="12" el="99" ec="21" bec="0" bev="0" fileid="9">
                  <TrackedMethodRefs>
                    <TrackedMethodRef uid="19" vc="1" />
                  </TrackedMethodRefs>
                </SequencePoint>
                <SequencePoint vc="1" uspid="169" ordinal="3" offset="7" sl="100" sc="7" el="100" ec="8" bec="0" bev="0" fileid="9">
                  <TrackedMethodRefs>
                    <TrackedMethodRef uid="19" vc="1" />
                  </TrackedMethodRefs>
                </SequencePoint>
                <SequencePoint vc="1" uspid="170" ordinal="4" offset="8" sl="101" sc="9" el="101" ec="41" bec="0" bev="0" fileid="9">
                  <TrackedMethodRefs>
                    <TrackedMethodRef uid="19" vc="1" />
                  </TrackedMethodRefs>
                </SequencePoint>
                <SequencePoint vc="1" uspid="171" ordinal="5" offset="16" sl="102" sc="9" el="102" ec="68" bec="2" bev="1" fileid="9">
                  <TrackedMethodRefs>
                    <TrackedMethodRef uid="19" vc="1" />
                  </TrackedMethodRefs>
                </SequencePoint>
                <SequencePoint vc="1" uspid="172" ordinal="6" offset="33" sl="103" sc="9" el="103" ec="10" bec="0" bev="0" fileid="9">
                  <TrackedMethodRefs>
                    <TrackedMethodRef uid="19" vc="1" />
                  </TrackedMethodRefs>
                </SequencePoint>
                <SequencePoint vc="1" uspid="173" ordinal="7" offset="34" sl="104" sc="11" el="104" ec="70" bec="0" bev="0" fileid="9">
                  <TrackedMethodRefs>
                    <TrackedMethodRef uid="19" vc="1" />
                  </TrackedMethodRefs>
                </SequencePoint>
                <SequencePoint vc="1" uspid="174" ordinal="8" offset="50" sl="105" sc="9" el="105" ec="10" bec="0" bev="0" fileid="9">
                  <TrackedMethodRefs>
                    <TrackedMethodRef uid="19" vc="1" />
                  </TrackedMethodRefs>
                </SequencePoint>
                <SequencePoint vc="0" uspid="175" ordinal="9" offset="53" sl="106" sc="14" el="106" ec="69" bec="2" bev="0" fileid="9" />
                <SequencePoint vc="0" uspid="176" ordinal="10" offset="76" sl="107" sc="9" el="107" ec="10" bec="0" bev="0" fileid="9" />
                <SequencePoint vc="0" uspid="177" ordinal="11" offset="77" sl="108" sc="11" el="108" ec="74" bec="0" bev="0" fileid="9" />
                <SequencePoint vc="0" uspid="178" ordinal="12" offset="93" sl="109" sc="9" el="109" ec="10" bec="0" bev="0" fileid="9" />
                <SequencePoint vc="1" uspid="179" ordinal="13" offset="94" sl="110" sc="7" el="110" ec="8" bec="0" bev="0" fileid="9">
                  <TrackedMethodRefs>
                    <TrackedMethodRef uid="19" vc="1" />
                  </TrackedMethodRefs>
                </SequencePoint>
                <SequencePoint vc="1" uspid="180" ordinal="14" offset="95" sl="99" sc="42" el="99" ec="45" bec="0" bev="0" fileid="9">
                  <TrackedMethodRefs>
                    <TrackedMethodRef uid="19" vc="1" />
                  </TrackedMethodRefs>
                </SequencePoint>
                <SequencePoint vc="2" uspid="181" ordinal="15" offset="99" sl="99" sc="23" el="99" ec="40" bec="2" bev="2" fileid="9">
                  <TrackedMethodRefs>
                    <TrackedMethodRef uid="19" vc="2" />
                  </TrackedMethodRefs>
                </SequencePoint>
                <SequencePoint vc="1" uspid="182" ordinal="16" offset="109" sl="112" sc="7" el="112" ec="27" bec="0" bev="0" fileid="9">
                  <TrackedMethodRefs>
                    <TrackedMethodRef uid="19" vc="1" />
                  </TrackedMethodRefs>
                </SequencePoint>
                <SequencePoint vc="1" uspid="183" ordinal="17" offset="114" sl="113" sc="5" el="113" ec="6" bec="0" bev="0" fileid="9">
                  <TrackedMethodRefs>
                    <TrackedMethodRef uid="19" vc="1" />
                  </TrackedMethodRefs>
                </SequencePoint>
              </SequencePoints>
              <BranchPoints>
                <BranchPoint vc="1" uspid="184" ordinal="0" offset="31" sl="102" path="0" offsetend="33" fileid="9">
                  <TrackedMethodRefs>
                    <TrackedMethodRef uid="19" vc="1" />
                  </TrackedMethodRefs>
                </BranchPoint>
                <BranchPoint vc="0" uspid="185" ordinal="1" offset="31" sl="102" path="1" offsetend="53" fileid="9" />
                <BranchPoint vc="0" uspid="186" ordinal="2" offset="74" sl="106" path="0" offsetend="76" fileid="9" />
                <BranchPoint vc="0" uspid="187" ordinal="3" offset="74" sl="106" path="1" offsetend="94" fileid="9" />
                <BranchPoint vc="1" uspid="188" ordinal="4" offset="107" sl="99" path="0" offsetend="109" fileid="9">
                  <TrackedMethodRefs>
                    <TrackedMethodRef uid="19" vc="1" />
                  </TrackedMethodRefs>
                </BranchPoint>
                <BranchPoint vc="1" uspid="189" ordinal="5" offset="107" sl="99" path="1" offsetend="7" fileid="9">
                  <TrackedMethodRefs>
                    <TrackedMethodRef uid="19" vc="1" />
                  </TrackedMethodRefs>
                </BranchPoint>
              </BranchPoints>
              <MethodPoint xsi:type="SequencePoint" vc="1" uspid="166" ordinal="0" offset="0" sl="97" sc="5" el="97" ec="6" bec="0" bev="0" fileid="9">
                <TrackedMethodRefs>
                  <TrackedMethodRef uid="19" vc="1" />
                </TrackedMethodRefs>
              </MethodPoint>
            </Method>
            <Method visited="true" cyclomaticComplexity="3" nPathComplexity="4" sequenceCoverage="70" branchCoverage="60" crapScore="3.24" isConstructor="false" isStatic="true" isGetter="false" isSetter="false">
              <Summary numSequencePoints="10" visitedSequencePoints="7" numBranchPoints="5" visitedBranchPoints="3" sequenceCoverage="70" branchCoverage="60" maxCyclomaticComplexity="3" minCyclomaticComplexity="3" maxCrapScore="3.24" minCrapScore="3.24" visitedClasses="0" numClasses="0" visitedMethods="1" numMethods="1" />
              <MetadataToken>100663301</MetadataToken>
              <Name>System.Boolean RobotCleaner.Program::EvaluateParallelAndSamePlane(RobotCleaner.Line,RobotCleaner.Line)</Name>
              <FileRef uid="9" />
              <SequencePoints>
                <SequencePoint vc="1" uspid="190" ordinal="0" offset="0" sl="116" sc="5" el="116" ec="6" bec="0" bev="0" fileid="9">
                  <TrackedMethodRefs>
                    <TrackedMethodRef uid="19" vc="1" />
                  </TrackedMethodRefs>
                </SequencePoint>
                <SequencePoint vc="1" uspid="191" ordinal="1" offset="1" sl="117" sc="7" el="117" ec="50" bec="2" bev="1" fileid="9">
                  <TrackedMethodRefs>
                    <TrackedMethodRef uid="19" vc="1" />
                  </TrackedMethodRefs>
                </SequencePoint>
                <SequencePoint vc="1" uspid="192" ordinal="2" offset="19" sl="118" sc="7" el="118" ec="8" bec="0" bev="0" fileid="9">
                  <TrackedMethodRefs>
                    <TrackedMethodRef uid="19" vc="1" />
                  </TrackedMethodRefs>
                </SequencePoint>
                <SequencePoint vc="1" uspid="193" ordinal="3" offset="20" sl="119" sc="9" el="119" ec="56" bec="2" bev="1" fileid="9">
                  <TrackedMethodRefs>
                    <TrackedMethodRef uid="19" vc="1" />
                  </TrackedMethodRefs>
                </SequencePoint>
                <SequencePoint vc="1" uspid="194" ordinal="4" offset="33" sl="120" sc="9" el="120" ec="10" bec="0" bev="0" fileid="9">
                  <TrackedMethodRefs>
                    <TrackedMethodRef uid="19" vc="1" />
                  </TrackedMethodRefs>
                </SequencePoint>
                <SequencePoint vc="1" uspid="195" ordinal="5" offset="34" sl="121" sc="11" el="121" ec="53" bec="0" bev="0" fileid="9">
                  <TrackedMethodRefs>
                    <TrackedMethodRef uid="19" vc="1" />
                  </TrackedMethodRefs>
                </SequencePoint>
                <SequencePoint vc="0" uspid="196" ordinal="6" offset="51" sl="124" sc="9" el="124" ec="10" bec="0" bev="0" fileid="9" />
                <SequencePoint vc="0" uspid="197" ordinal="7" offset="52" sl="125" sc="11" el="125" ec="53" bec="0" bev="0" fileid="9" />
                <SequencePoint vc="0" uspid="198" ordinal="8" offset="69" sl="128" sc="7" el="128" ec="20" bec="0" bev="0" fileid="9" />
                <SequencePoint vc="1" uspid="199" ordinal="9" offset="73" sl="129" sc="5" el="129" ec="6" bec="0" bev="0" fileid="9">
                  <TrackedMethodRefs>
                    <TrackedMethodRef uid="19" vc="1" />
                  </TrackedMethodRefs>
                </SequencePoint>
              </SequencePoints>
              <BranchPoints>
                <BranchPoint vc="1" uspid="200" ordinal="0" offset="17" sl="117" path="0" offsetend="19" fileid="9">
                  <TrackedMethodRefs>
                    <TrackedMethodRef uid="19" vc="1" />
                  </TrackedMethodRefs>
                </BranchPoint>
                <BranchPoint vc="0" uspid="201" ordinal="1" offset="17" sl="117" path="1" offsetend="69" fileid="9" />
                <BranchPoint vc="1" uspid="202" ordinal="2" offset="31" sl="119" path="0" offsetend="33" fileid="9">
                  <TrackedMethodRefs>
                    <TrackedMethodRef uid="19" vc="1" />
                  </TrackedMethodRefs>
                </BranchPoint>
                <BranchPoint vc="0" uspid="203" ordinal="3" offset="31" sl="119" path="1" offsetend="51" fileid="9" />
              </BranchPoints>
              <MethodPoint xsi:type="SequencePoint" vc="1" uspid="190" ordinal="0" offset="0" sl="116" sc="5" el="116" ec="6" bec="0" bev="0" fileid="9">
                <TrackedMethodRefs>
                  <TrackedMethodRef uid="19" vc="1" />
                </TrackedMethodRefs>
              </MethodPoint>
            </Method>
            <Method visited="false" cyclomaticComplexity="10" nPathComplexity="8" sequenceCoverage="0" branchCoverage="0" crapScore="110" isConstructor="false" isStatic="true" isGetter="false" isSetter="false">
              <Summary numSequencePoints="14" visitedSequencePoints="0" numBranchPoints="7" visitedBranchPoints="0" sequenceCoverage="0" branchCoverage="0" maxCyclomaticComplexity="10" minCyclomaticComplexity="10" maxCrapScore="110" minCrapScore="110" visitedClasses="0" numClasses="0" visitedMethods="0" numMethods="1" />
              <MetadataToken>100663302</MetadataToken>
              <Name>System.Int32 RobotCleaner.Program::IntersectionOverlap(RobotCleaner.Line,RobotCleaner.Line)</Name>
              <FileRef uid="9" />
              <SequencePoints>
                <SequencePoint vc="0" uspid="204" ordinal="0" offset="0" sl="132" sc="5" el="132" ec="6" bec="0" bev="0" fileid="9" />
                <SequencePoint vc="0" uspid="205" ordinal="1" offset="1" sl="133" sc="7" el="133" ec="55" bec="2" bev="0" fileid="9" />
                <SequencePoint vc="0" uspid="206" ordinal="2" offset="14" sl="134" sc="7" el="134" ec="8" bec="0" bev="0" fileid="9" />
                <SequencePoint vc="0" uspid="207" ordinal="3" offset="15" sl="135" sc="9" el="136" ec="82" bec="2" bev="0" fileid="9" />
                <SequencePoint vc="0" uspid="208" ordinal="4" offset="81" sl="137" sc="9" el="137" ec="10" bec="0" bev="0" fileid="9" />
                <SequencePoint vc="0" uspid="209" ordinal="5" offset="82" sl="138" sc="11" el="138" ec="20" bec="0" bev="0" fileid="9" />
                <SequencePoint vc="0" uspid="210" ordinal="6" offset="86" sl="140" sc="7" el="140" ec="8" bec="0" bev="0" fileid="9" />
                <SequencePoint vc="0" uspid="211" ordinal="7" offset="89" sl="142" sc="7" el="142" ec="8" bec="0" bev="0" fileid="9" />
                <SequencePoint vc="0" uspid="212" ordinal="8" offset="90" sl="143" sc="9" el="144" ec="82" bec="2" bev="0" fileid="9" />
                <SequencePoint vc="0" uspid="213" ordinal="9" offset="156" sl="145" sc="9" el="145" ec="10" bec="0" bev="0" fileid="9" />
                <SequencePoint vc="0" uspid="214" ordinal="10" offset="157" sl="146" sc="11" el="146" ec="20" bec="0" bev="0" fileid="9" />
                <SequencePoint vc="0" uspid="215" ordinal="11" offset="161" sl="148" sc="7" el="148" ec="8" bec="0" bev="0" fileid="9" />
                <SequencePoint vc="0" uspid="216" ordinal="12" offset="162" sl="149" sc="7" el="149" ec="16" bec="0" bev="0" fileid="9" />
                <SequencePoint vc="0" uspid="217" ordinal="13" offset="166" sl="150" sc="5" el="150" ec="6" bec="0" bev="0" fileid="9" />
              </SequencePoints>
              <BranchPoints>
                <BranchPoint vc="0" uspid="218" ordinal="0" offset="12" sl="133" path="0" offsetend="14" fileid="9" />
                <BranchPoint vc="0" uspid="219" ordinal="1" offset="12" sl="133" path="1" offsetend="89" fileid="9" />
                <BranchPoint vc="0" uspid="226" ordinal="8" offset="79" sl="135" path="0" offsetend="81" fileid="9" />
                <BranchPoint vc="0" uspid="227" ordinal="9" offset="79" sl="135" path="1" offsetend="86" fileid="9" />
                <BranchPoint vc="0" uspid="234" ordinal="16" offset="154" sl="143" path="0" offsetend="156" fileid="9" />
                <BranchPoint vc="0" uspid="235" ordinal="17" offset="154" sl="143" path="1" offsetend="161" fileid="9" />
              </BranchPoints>
              <MethodPoint xsi:type="SequencePoint" vc="0" uspid="204" ordinal="0" offset="0" sl="132" sc="5" el="132" ec="6" bec="0" bev="0" fileid="9" />
            </Method>
            <Method visited="true" cyclomaticComplexity="3" nPathComplexity="4" sequenceCoverage="66.67" branchCoverage="60" crapScore="3.33" isConstructor="false" isStatic="true" isGetter="false" isSetter="false">
              <Summary numSequencePoints="21" visitedSequencePoints="14" numBranchPoints="5" visitedBranchPoints="3" sequenceCoverage="66.67" branchCoverage="60" maxCyclomaticComplexity="3" minCyclomaticComplexity="3" maxCrapScore="3.33" minCrapScore="3.33" visitedClasses="0" numClasses="0" visitedMethods="1" numMethods="1" />
              <MetadataToken>100663303</MetadataToken>
              <Name>System.Int32 RobotCleaner.Program::ParallelOverlap(RobotCleaner.Line,RobotCleaner.Line)</Name>
              <FileRef uid="9" />
              <SequencePoints>
                <SequencePoint vc="1" uspid="236" ordinal="0" offset="0" sl="153" sc="5" el="153" ec="6" bec="0" bev="0" fileid="9">
                  <TrackedMethodRefs>
                    <TrackedMethodRef uid="19" vc="1" />
                  </TrackedMethodRefs>
                </SequencePoint>
                <SequencePoint vc="1" uspid="237" ordinal="1" offset="1" sl="155" sc="7" el="155" ec="55" bec="2" bev="1" fileid="9">
                  <TrackedMethodRefs>
                    <TrackedMethodRef uid="19" vc="1" />
                  </TrackedMethodRefs>
                </SequencePoint>
                <SequencePoint vc="1" uspid="238" ordinal="2" offset="16" sl="156" sc="7" el="156" ec="8" bec="0" bev="0" fileid="9">
                  <TrackedMethodRefs>
                    <TrackedMethodRef uid="19" vc="1" />
                  </TrackedMethodRefs>
                </SequencePoint>
                <SequencePoint vc="1" uspid="239" ordinal="3" offset="17" sl="157" sc="9" el="157" ec="34" bec="0" bev="0" fileid="9">
                  <TrackedMethodRefs>
                    <TrackedMethodRef uid="19" vc="1" />
                  </TrackedMethodRefs>
                </SequencePoint>
                <SequencePoint vc="1" uspid="240" ordinal="4" offset="24" sl="158" sc="9" el="158" ec="30" bec="0" bev="0" fileid="9">
                  <TrackedMethodRefs>
                    <TrackedMethodRef uid="19" vc="1" />
                  </TrackedMethodRefs>
                </SequencePoint>
                <SequencePoint vc="1" uspid="241" ordinal="5" offset="31" sl="159" sc="9" el="159" ec="34" bec="0" bev="0" fileid="9">
                  <TrackedMethodRefs>
                    <TrackedMethodRef uid="19" vc="1" />
                  </TrackedMethodRefs>
                </SequencePoint>
                <SequencePoint vc="1" uspid="242" ordinal="6" offset="38" sl="160" sc="9" el="160" ec="30" bec="0" bev="0" fileid="9">
                  <TrackedMethodRefs>
                    <TrackedMethodRef uid="19" vc="1" />
                  </TrackedMethodRefs>
                </SequencePoint>
                <SequencePoint vc="1" uspid="243" ordinal="7" offset="45" sl="161" sc="7" el="161" ec="8" bec="0" bev="0" fileid="9">
                  <TrackedMethodRefs>
                    <TrackedMethodRef uid="19" vc="1" />
                  </TrackedMethodRefs>
                </SequencePoint>
                <SequencePoint vc="0" uspid="244" ordinal="8" offset="48" sl="163" sc="7" el="163" ec="8" bec="0" bev="0" fileid="9" />
                <SequencePoint vc="0" uspid="245" ordinal="9" offset="49" sl="164" sc="9" el="164" ec="34" bec="0" bev="0" fileid="9" />
                <SequencePoint vc="0" uspid="246" ordinal="10" offset="56" sl="165" sc="9" el="165" ec="30" bec="0" bev="0" fileid="9" />
                <SequencePoint vc="0" uspid="247" ordinal="11" offset="63" sl="166" sc="9" el="166" ec="34" bec="0" bev="0" fileid="9" />
                <SequencePoint vc="0" uspid="248" ordinal="12" offset="70" sl="167" sc="9" el="167" ec="30" bec="0" bev="0" fileid="9" />
                <SequencePoint vc="0" uspid="249" ordinal="13" offset="77" sl="168" sc="7" el="168" ec="8" bec="0" bev="0" fileid="9" />
                <SequencePoint vc="1" uspid="250" ordinal="14" offset="78" sl="170" sc="9" el="170" ec="56" bec="0" bev="0" fileid="9">
                  <TrackedMethodRefs>
                    <TrackedMethodRef uid="19" vc="1" />
                  </TrackedMethodRefs>
                </SequencePoint>
                <SequencePoint vc="1" uspid="251" ordinal="15" offset="87" sl="171" sc="9" el="171" ec="52" bec="0" bev="0" fileid="9">
                  <TrackedMethodRefs>
                    <TrackedMethodRef uid="19" vc="1" />
                  </TrackedMethodRefs>
                </SequencePoint>
                <SequencePoint vc="1" uspid="252" ordinal="16" offset="96" sl="173" sc="9" el="173" ec="47" bec="2" bev="1" fileid="9">
                  <TrackedMethodRefs>
                    <TrackedMethodRef uid="19" vc="1" />
                  </TrackedMethodRefs>
                </SequencePoint>
                <SequencePoint vc="1" uspid="253" ordinal="17" offset="108" sl="174" sc="9" el="174" ec="10" bec="0" bev="0" fileid="9">
                  <TrackedMethodRefs>
                    <TrackedMethodRef uid="19" vc="1" />
                  </TrackedMethodRefs>
                </SequencePoint>
                <SequencePoint vc="1" uspid="254" ordinal="18" offset="109" sl="175" sc="11" el="175" ec="52" bec="0" bev="0" fileid="9">
                  <TrackedMethodRefs>
                    <TrackedMethodRef uid="19" vc="1" />
                  </TrackedMethodRefs>
                </SequencePoint>
                <SequencePoint vc="0" uspid="255" ordinal="19" offset="118" sl="178" sc="7" el="178" ec="16" bec="0" bev="0" fileid="9" />
                <SequencePoint vc="1" uspid="256" ordinal="20" offset="123" sl="179" sc="5" el="179" ec="6" bec="0" bev="0" fileid="9">
                  <TrackedMethodRefs>
                    <TrackedMethodRef uid="19" vc="1" />
                  </TrackedMethodRefs>
                </SequencePoint>
              </SequencePoints>
              <BranchPoints>
                <BranchPoint vc="1" uspid="257" ordinal="0" offset="14" sl="155" path="0" offsetend="16" fileid="9">
                  <TrackedMethodRefs>
                    <TrackedMethodRef uid="19" vc="1" />
                  </TrackedMethodRefs>
                </BranchPoint>
                <BranchPoint vc="0" uspid="258" ordinal="1" offset="14" sl="155" path="1" offsetend="48" fileid="9" />
                <BranchPoint vc="1" uspid="259" ordinal="2" offset="106" sl="173" path="0" offsetend="108" fileid="9">
                  <TrackedMethodRefs>
                    <TrackedMethodRef uid="19" vc="1" />
                  </TrackedMethodRefs>
                </BranchPoint>
                <BranchPoint vc="0" uspid="260" ordinal="3" offset="106" sl="173" path="1" offsetend="118" fileid="9" />
              </BranchPoints>
              <MethodPoint xsi:type="SequencePoint" vc="1" uspid="236" ordinal="0" offset="0" sl="153" sc="5" el="153" ec="6" bec="0" bev="0" fileid="9">
                <TrackedMethodRefs>
                  <TrackedMethodRef uid="19" vc="1" />
                </TrackedMethodRefs>
              </MethodPoint>
            </Method>
            <Method visited="false" cyclomaticComplexity="1" nPathComplexity="0" sequenceCoverage="0" branchCoverage="0" crapScore="2" isConstructor="true" isStatic="false" isGetter="false" isSetter="false">
              <Summary numSequencePoints="0" visitedSequencePoints="0" numBranchPoints="0" visitedBranchPoints="0" sequenceCoverage="0" branchCoverage="0" maxCyclomaticComplexity="1" minCyclomaticComplexity="1" maxCrapScore="2" minCrapScore="2" visitedClasses="0" numClasses="0" visitedMethods="0" numMethods="0" />
              <MetadataToken>100663304</MetadataToken>
              <Name>System.Void RobotCleaner.Program::.ctor()</Name>
              <SequencePoints />
              <BranchPoints />
              <MethodPoint vc="0" uspid="261" ordinal="0" offset="0" />
            </Method>
          </Methods>
        </Class>
      </Classes>
      <TrackedMethods />
    </Module>
  </Modules>
</CoverageSession>