<?xml version="1.0" encoding="utf-8"?>
<CoverageSession xmlns:xsd="http://www.w3.org/2001/XMLSchema" xmlns:xsi="http://www.w3.org/2001/XMLSchema-instance" Version="4.6.0.0">
  <Summary numSequencePoints="140" visitedSequencePoints="46" numBranchPoints="41" visitedBranchPoints="9" sequenceCoverage="32.86" branchCoverage="21.95" maxCyclomaticComplexity="10" minCyclomaticComplexity="1" maxCrapScore="110" minCrapScore="1" visitedClasses="3" numClasses="3" visitedMethods="6" numMethods="11" />
  <Modules>
    <Module hash="FD-E3-50-D4-16-56-BA-32-25-FB-CF-E4-22-2A-CC-BF-C7-66-79-E1">
      <Summary numSequencePoints="20" visitedSequencePoints="20" numBranchPoints="4" visitedBranchPoints="4" sequenceCoverage="100" branchCoverage="100" maxCyclomaticComplexity="1" minCyclomaticComplexity="1" maxCrapScore="2" minCrapScore="1" visitedClasses="1" numClasses="1" visitedMethods="4" numMethods="4" />
      <ModulePath>C:\Users\peter\Documents\Visual Studio 2017\Projects\RobotCleaner\RobotCleanerTests\bin\Debug\RobotCleanerTests.dll</ModulePath>
      <ModuleTime>2018-07-04T00:58:47.1437633Z</ModuleTime>
      <ModuleName>RobotCleanerTests</ModuleName>
      <Files>
        <File uid="1" fullPath="C:\Users\peter\Documents\Visual Studio 2017\Projects\RobotCleaner\RobotCleanerTests\UnitTest1.cs" />
      </Files>
      <Classes>
        <Class>
          <Summary numSequencePoints="20" visitedSequencePoints="20" numBranchPoints="4" visitedBranchPoints="4" sequenceCoverage="100" branchCoverage="100" maxCyclomaticComplexity="1" minCyclomaticComplexity="1" maxCrapScore="2" minCrapScore="1" visitedClasses="1" numClasses="1" visitedMethods="4" numMethods="4" />
          <FullName>RobotCleanerTests.ParallelOverlap</FullName>
          <Methods>
            <Method visited="true" cyclomaticComplexity="1" nPathComplexity="0" sequenceCoverage="100" branchCoverage="100" crapScore="1" isConstructor="false" isStatic="false" isGetter="false" isSetter="false">
              <Summary numSequencePoints="5" visitedSequencePoints="5" numBranchPoints="1" visitedBranchPoints="1" sequenceCoverage="100" branchCoverage="100" maxCyclomaticComplexity="1" minCyclomaticComplexity="1" maxCrapScore="1" minCrapScore="1" visitedClasses="0" numClasses="0" visitedMethods="1" numMethods="1" />
              <MetadataToken>100663297</MetadataToken>
              <Name>System.Void RobotCleanerTests.ParallelOverlap::TestHorizontalOverlapRight()</Name>
              <FileRef uid="1" />
              <SequencePoints>
                <SequencePoint vc="1" uspid="1" ordinal="0" offset="0" sl="13" sc="5" el="13" ec="6" bec="0" bev="0" fileid="1">
                  <TrackedMethodRefs>
                    <TrackedMethodRef uid="1" vc="1" />
                  </TrackedMethodRefs>
                </SequencePoint>
                <SequencePoint vc="1" uspid="2" ordinal="1" offset="1" sl="14" sc="7" el="14" ec="68" bec="0" bev="0" fileid="1">
                  <TrackedMethodRefs>
                    <TrackedMethodRef uid="1" vc="1" />
                  </TrackedMethodRefs>
                </SequencePoint>
                <SequencePoint vc="1" uspid="3" ordinal="2" offset="16" sl="15" sc="7" el="15" ec="68" bec="0" bev="0" fileid="1">
                  <TrackedMethodRefs>
                    <TrackedMethodRef uid="1" vc="1" />
                  </TrackedMethodRefs>
                </SequencePoint>
                <SequencePoint vc="1" uspid="4" ordinal="3" offset="31" sl="17" sc="7" el="17" ec="65" bec="0" bev="0" fileid="1">
                  <TrackedMethodRefs>
                    <TrackedMethodRef uid="1" vc="1" />
                  </TrackedMethodRefs>
                </SequencePoint>
                <SequencePoint vc="1" uspid="5" ordinal="4" offset="45" sl="18" sc="5" el="18" ec="6" bec="0" bev="0" fileid="1">
                  <TrackedMethodRefs>
                    <TrackedMethodRef uid="1" vc="1" />
                  </TrackedMethodRefs>
                </SequencePoint>
              </SequencePoints>
              <BranchPoints />
              <MethodPoint xsi:type="SequencePoint" vc="1" uspid="1" ordinal="0" offset="0" sl="13" sc="5" el="13" ec="6" bec="0" bev="0" fileid="1">
                <TrackedMethodRefs>
                  <TrackedMethodRef uid="1" vc="1" />
                </TrackedMethodRefs>
              </MethodPoint>
            </Method>
            <Method visited="true" cyclomaticComplexity="1" nPathComplexity="0" sequenceCoverage="100" branchCoverage="100" crapScore="1" isConstructor="false" isStatic="false" isGetter="false" isSetter="false">
              <Summary numSequencePoints="5" visitedSequencePoints="5" numBranchPoints="1" visitedBranchPoints="1" sequenceCoverage="100" branchCoverage="100" maxCyclomaticComplexity="1" minCyclomaticComplexity="1" maxCrapScore="1" minCrapScore="1" visitedClasses="0" numClasses="0" visitedMethods="1" numMethods="1" />
              <MetadataToken>100663298</MetadataToken>
              <Name>System.Void RobotCleanerTests.ParallelOverlap::TestHorizontalOverlapLeft()</Name>
              <FileRef uid="1" />
              <SequencePoints>
                <SequencePoint vc="1" uspid="6" ordinal="0" offset="0" sl="22" sc="5" el="22" ec="6" bec="0" bev="0" fileid="1">
                  <TrackedMethodRefs>
                    <TrackedMethodRef uid="2" vc="1" />
                  </TrackedMethodRefs>
                </SequencePoint>
                <SequencePoint vc="1" uspid="7" ordinal="1" offset="1" sl="23" sc="7" el="23" ec="68" bec="0" bev="0" fileid="1">
                  <TrackedMethodRefs>
                    <TrackedMethodRef uid="2" vc="1" />
                  </TrackedMethodRefs>
                </SequencePoint>
                <SequencePoint vc="1" uspid="8" ordinal="2" offset="16" sl="24" sc="7" el="24" ec="67" bec="0" bev="0" fileid="1">
                  <TrackedMethodRefs>
                    <TrackedMethodRef uid="2" vc="1" />
                  </TrackedMethodRefs>
                </SequencePoint>
                <SequencePoint vc="1" uspid="9" ordinal="3" offset="30" sl="26" sc="7" el="26" ec="65" bec="0" bev="0" fileid="1">
                  <TrackedMethodRefs>
                    <TrackedMethodRef uid="2" vc="1" />
                  </TrackedMethodRefs>
                </SequencePoint>
                <SequencePoint vc="1" uspid="10" ordinal="4" offset="44" sl="27" sc="5" el="27" ec="6" bec="0" bev="0" fileid="1">
                  <TrackedMethodRefs>
                    <TrackedMethodRef uid="2" vc="1" />
                  </TrackedMethodRefs>
                </SequencePoint>
              </SequencePoints>
              <BranchPoints />
              <MethodPoint xsi:type="SequencePoint" vc="1" uspid="6" ordinal="0" offset="0" sl="22" sc="5" el="22" ec="6" bec="0" bev="0" fileid="1">
                <TrackedMethodRefs>
                  <TrackedMethodRef uid="2" vc="1" />
                </TrackedMethodRefs>
              </MethodPoint>
            </Method>
            <Method visited="true" cyclomaticComplexity="1" nPathComplexity="0" sequenceCoverage="100" branchCoverage="100" crapScore="1" isConstructor="false" isStatic="false" isGetter="false" isSetter="false">
              <Summary numSequencePoints="5" visitedSequencePoints="5" numBranchPoints="1" visitedBranchPoints="1" sequenceCoverage="100" branchCoverage="100" maxCyclomaticComplexity="1" minCyclomaticComplexity="1" maxCrapScore="1" minCrapScore="1" visitedClasses="0" numClasses="0" visitedMethods="1" numMethods="1" />
              <MetadataToken>100663299</MetadataToken>
              <Name>System.Void RobotCleanerTests.ParallelOverlap::TestHorizontalOverlapComplete()</Name>
              <FileRef uid="1" />
              <SequencePoints>
                <SequencePoint vc="1" uspid="11" ordinal="0" offset="0" sl="31" sc="5" el="31" ec="6" bec="0" bev="0" fileid="1">
                  <TrackedMethodRefs>
                    <TrackedMethodRef uid="3" vc="1" />
                  </TrackedMethodRefs>
                </SequencePoint>
                <SequencePoint vc="1" uspid="12" ordinal="1" offset="1" sl="32" sc="7" el="32" ec="68" bec="0" bev="0" fileid="1">
                  <TrackedMethodRefs>
                    <TrackedMethodRef uid="3" vc="1" />
                  </TrackedMethodRefs>
                </SequencePoint>
                <SequencePoint vc="1" uspid="13" ordinal="2" offset="16" sl="33" sc="7" el="33" ec="68" bec="0" bev="0" fileid="1">
                  <TrackedMethodRefs>
                    <TrackedMethodRef uid="3" vc="1" />
                  </TrackedMethodRefs>
                </SequencePoint>
                <SequencePoint vc="1" uspid="14" ordinal="3" offset="31" sl="35" sc="7" el="35" ec="65" bec="0" bev="0" fileid="1">
                  <TrackedMethodRefs>
                    <TrackedMethodRef uid="3" vc="1" />
                  </TrackedMethodRefs>
                </SequencePoint>
                <SequencePoint vc="1" uspid="15" ordinal="4" offset="45" sl="36" sc="5" el="36" ec="6" bec="0" bev="0" fileid="1">
                  <TrackedMethodRefs>
                    <TrackedMethodRef uid="3" vc="1" />
                  </TrackedMethodRefs>
                </SequencePoint>
              </SequencePoints>
              <BranchPoints />
              <MethodPoint xsi:type="SequencePoint" vc="1" uspid="11" ordinal="0" offset="0" sl="31" sc="5" el="31" ec="6" bec="0" bev="0" fileid="1">
                <TrackedMethodRefs>
                  <TrackedMethodRef uid="3" vc="1" />
                </TrackedMethodRefs>
              </MethodPoint>
            </Method>
            <Method visited="true" cyclomaticComplexity="1" nPathComplexity="0" sequenceCoverage="100" branchCoverage="100" crapScore="1" isConstructor="false" isStatic="false" isGetter="false" isSetter="false">
              <Summary numSequencePoints="5" visitedSequencePoints="5" numBranchPoints="1" visitedBranchPoints="1" sequenceCoverage="100" branchCoverage="100" maxCyclomaticComplexity="1" minCyclomaticComplexity="1" maxCrapScore="1" minCrapScore="1" visitedClasses="0" numClasses="0" visitedMethods="1" numMethods="1" />
              <MetadataToken>100663300</MetadataToken>
              <Name>System.Void RobotCleanerTests.ParallelOverlap::TestHorizontalNoOverlap()</Name>
              <FileRef uid="1" />
              <SequencePoints>
                <SequencePoint vc="1" uspid="16" ordinal="0" offset="0" sl="40" sc="5" el="40" ec="6" bec="0" bev="0" fileid="1">
                  <TrackedMethodRefs>
                    <TrackedMethodRef uid="4" vc="1" />
                  </TrackedMethodRefs>
                </SequencePoint>
                <SequencePoint vc="1" uspid="17" ordinal="1" offset="1" sl="41" sc="7" el="41" ec="68" bec="0" bev="0" fileid="1">
                  <TrackedMethodRefs>
                    <TrackedMethodRef uid="4" vc="1" />
                  </TrackedMethodRefs>
                </SequencePoint>
                <SequencePoint vc="1" uspid="18" ordinal="2" offset="16" sl="42" sc="7" el="42" ec="69" bec="0" bev="0" fileid="1">
                  <TrackedMethodRefs>
                    <TrackedMethodRef uid="4" vc="1" />
                  </TrackedMethodRefs>
                </SequencePoint>
                <SequencePoint vc="1" uspid="19" ordinal="3" offset="32" sl="44" sc="7" el="44" ec="65" bec="0" bev="0" fileid="1">
                  <TrackedMethodRefs>
                    <TrackedMethodRef uid="4" vc="1" />
                  </TrackedMethodRefs>
                </SequencePoint>
                <SequencePoint vc="1" uspid="20" ordinal="4" offset="46" sl="45" sc="5" el="45" ec="6" bec="0" bev="0" fileid="1">
                  <TrackedMethodRefs>
                    <TrackedMethodRef uid="4" vc="1" />
                  </TrackedMethodRefs>
                </SequencePoint>
              </SequencePoints>
              <BranchPoints />
              <MethodPoint xsi:type="SequencePoint" vc="1" uspid="16" ordinal="0" offset="0" sl="40" sc="5" el="40" ec="6" bec="0" bev="0" fileid="1">
                <TrackedMethodRefs>
                  <TrackedMethodRef uid="4" vc="1" />
                </TrackedMethodRefs>
              </MethodPoint>
            </Method>
            <Method visited="false" cyclomaticComplexity="1" nPathComplexity="0" sequenceCoverage="0" branchCoverage="0" crapScore="2" isConstructor="true" isStatic="false" isGetter="false" isSetter="false">
              <Summary numSequencePoints="0" visitedSequencePoints="0" numBranchPoints="0" visitedBranchPoints="0" sequenceCoverage="0" branchCoverage="0" maxCyclomaticComplexity="1" minCyclomaticComplexity="1" maxCrapScore="2" minCrapScore="2" visitedClasses="0" numClasses="0" visitedMethods="0" numMethods="0" />
              <MetadataToken>100663301</MetadataToken>
              <Name>System.Void RobotCleanerTests.ParallelOverlap::.ctor()</Name>
              <SequencePoints />
              <BranchPoints />
              <MethodPoint vc="0" uspid="21" ordinal="0" offset="0" />
            </Method>
          </Methods>
        </Class>
      </Classes>
      <TrackedMethods>
        <TrackedMethod uid="1" token="100663297" name="System.Void RobotCleanerTests.ParallelOverlap::TestHorizontalOverlapRight()" strategy="MSTestTest" />
        <TrackedMethod uid="2" token="100663298" name="System.Void RobotCleanerTests.ParallelOverlap::TestHorizontalOverlapLeft()" strategy="MSTestTest" />
        <TrackedMethod uid="3" token="100663299" name="System.Void RobotCleanerTests.ParallelOverlap::TestHorizontalOverlapComplete()" strategy="MSTestTest" />
        <TrackedMethod uid="4" token="100663300" name="System.Void RobotCleanerTests.ParallelOverlap::TestHorizontalNoOverlap()" strategy="MSTestTest" />
      </TrackedMethods>
    </Module>
    <Module hash="91-6B-5C-A3-93-8B-7A-89-E9-B8-9A-27-86-E5-21-D2-A7-F6-CD-CF">
      <Summary numSequencePoints="120" visitedSequencePoints="26" numBranchPoints="37" visitedBranchPoints="5" sequenceCoverage="21.67" branchCoverage="13.51" maxCyclomaticComplexity="10" minCyclomaticComplexity="1" maxCrapScore="110" minCrapScore="1" visitedClasses="2" numClasses="2" visitedMethods="2" numMethods="7" />
      <ModulePath>C:\Users\peter\Documents\Visual Studio 2017\Projects\RobotCleaner\RobotCleanerTests\bin\Debug\RobotCleaner.exe</ModulePath>
      <ModuleTime>2018-07-04T00:50:21.5005982Z</ModuleTime>
      <ModuleName>RobotCleaner</ModuleName>
      <Files>
        <File uid="3" fullPath="C:\Users\peter\Documents\Visual Studio 2017\Projects\RobotCleaner\RobotCleaner\Program.cs" />
      </Files>
      <Classes>
        <Class>
          <Summary numSequencePoints="7" visitedSequencePoints="7" numBranchPoints="1" visitedBranchPoints="1" sequenceCoverage="100" branchCoverage="100" maxCyclomaticComplexity="1" minCyclomaticComplexity="1" maxCrapScore="1" minCrapScore="1" visitedClasses="1" numClasses="1" visitedMethods="1" numMethods="1" />
          <FullName>RobotCleaner.Line</FullName>
          <Methods>
            <Method visited="true" cyclomaticComplexity="1" nPathComplexity="0" sequenceCoverage="100" branchCoverage="100" crapScore="1" isConstructor="true" isStatic="false" isGetter="false" isSetter="false">
              <Summary numSequencePoints="7" visitedSequencePoints="7" numBranchPoints="1" visitedBranchPoints="1" sequenceCoverage="100" branchCoverage="100" maxCyclomaticComplexity="1" minCyclomaticComplexity="1" maxCrapScore="1" minCrapScore="1" visitedClasses="0" numClasses="0" visitedMethods="1" numMethods="1" />
              <MetadataToken>100663297</MetadataToken>
              <Name>System.Void RobotCleaner.Line::.ctor(System.Int32,System.Int32,System.Int32,System.Int32,RobotCleaner.Orientation)</Name>
              <FileRef uid="3" />
              <SequencePoints>
                <SequencePoint vc="8" uspid="22" ordinal="0" offset="0" sl="21" sc="5" el="21" ec="6" bec="0" bev="0" fileid="3">
                  <TrackedMethodRefs>
                    <TrackedMethodRef uid="4" vc="2" />
                    <TrackedMethodRef uid="3" vc="2" />
                    <TrackedMethodRef uid="2" vc="2" />
                    <TrackedMethodRef uid="1" vc="2" />
                  </TrackedMethodRefs>
                </SequencePoint>
                <SequencePoint vc="8" uspid="23" ordinal="1" offset="1" sl="22" sc="7" el="22" ec="53" bec="0" bev="0" fileid="3">
                  <TrackedMethodRefs>
                    <TrackedMethodRef uid="4" vc="2" />
                    <TrackedMethodRef uid="3" vc="2" />
                    <TrackedMethodRef uid="2" vc="2" />
                    <TrackedMethodRef uid="1" vc="2" />
                  </TrackedMethodRefs>
                </SequencePoint>
                <SequencePoint vc="8" uspid="24" ordinal="2" offset="14" sl="23" sc="7" el="23" ec="53" bec="0" bev="0" fileid="3">
                  <TrackedMethodRefs>
                    <TrackedMethodRef uid="4" vc="2" />
                    <TrackedMethodRef uid="3" vc="2" />
                    <TrackedMethodRef uid="2" vc="2" />
                    <TrackedMethodRef uid="1" vc="2" />
                  </TrackedMethodRefs>
                </SequencePoint>
                <SequencePoint vc="8" uspid="25" ordinal="3" offset="28" sl="24" sc="7" el="24" ec="51" bec="0" bev="0" fileid="3">
                  <TrackedMethodRefs>
                    <TrackedMethodRef uid="4" vc="2" />
                    <TrackedMethodRef uid="3" vc="2" />
                    <TrackedMethodRef uid="2" vc="2" />
                    <TrackedMethodRef uid="1" vc="2" />
                  </TrackedMethodRefs>
                </SequencePoint>
                <SequencePoint vc="8" uspid="26" ordinal="4" offset="41" sl="25" sc="7" el="25" ec="51" bec="0" bev="0" fileid="3">
                  <TrackedMethodRefs>
                    <TrackedMethodRef uid="4" vc="2" />
                    <TrackedMethodRef uid="3" vc="2" />
                    <TrackedMethodRef uid="2" vc="2" />
                    <TrackedMethodRef uid="1" vc="2" />
                  </TrackedMethodRefs>
                </SequencePoint>
                <SequencePoint vc="8" uspid="27" ordinal="5" offset="55" sl="26" sc="7" el="26" ec="38" bec="0" bev="0" fileid="3">
                  <TrackedMethodRefs>
                    <TrackedMethodRef uid="4" vc="2" />
                    <TrackedMethodRef uid="3" vc="2" />
                    <TrackedMethodRef uid="2" vc="2" />
                    <TrackedMethodRef uid="1" vc="2" />
                  </TrackedMethodRefs>
                </SequencePoint>
                <SequencePoint vc="8" uspid="28" ordinal="6" offset="63" sl="27" sc="5" el="27" ec="6" bec="0" bev="0" fileid="3">
                  <TrackedMethodRefs>
                    <TrackedMethodRef uid="4" vc="2" />
                    <TrackedMethodRef uid="3" vc="2" />
                    <TrackedMethodRef uid="2" vc="2" />
                    <TrackedMethodRef uid="1" vc="2" />
                  </TrackedMethodRefs>
                </SequencePoint>
              </SequencePoints>
              <BranchPoints />
              <MethodPoint xsi:type="SequencePoint" vc="8" uspid="22" ordinal="0" offset="0" sl="21" sc="5" el="21" ec="6" bec="0" bev="0" fileid="3">
                <TrackedMethodRefs>
                  <TrackedMethodRef uid="4" vc="2" />
                  <TrackedMethodRef uid="3" vc="2" />
                  <TrackedMethodRef uid="2" vc="2" />
                  <TrackedMethodRef uid="1" vc="2" />
                </TrackedMethodRefs>
              </MethodPoint>
            </Method>
          </Methods>
        </Class>
        <Class>
          <Summary numSequencePoints="113" visitedSequencePoints="19" numBranchPoints="36" visitedBranchPoints="4" sequenceCoverage="16.81" branchCoverage="11.11" maxCyclomaticComplexity="10" minCyclomaticComplexity="1" maxCrapScore="110" minCrapScore="2" visitedClasses="1" numClasses="1" visitedMethods="1" numMethods="6" />
          <FullName>RobotCleaner.Program</FullName>
          <Methods>
            <Method visited="false" cyclomaticComplexity="1" nPathComplexity="0" sequenceCoverage="0" branchCoverage="0" crapScore="2" isConstructor="false" isStatic="true" isGetter="false" isSetter="false">
              <Summary numSequencePoints="5" visitedSequencePoints="0" numBranchPoints="1" visitedBranchPoints="0" sequenceCoverage="0" branchCoverage="0" maxCyclomaticComplexity="1" minCyclomaticComplexity="1" maxCrapScore="2" minCrapScore="2" visitedClasses="0" numClasses="0" visitedMethods="0" numMethods="1" />
              <MetadataToken>100663298</MetadataToken>
              <Name>System.Void RobotCleaner.Program::Main(System.String[])</Name>
              <FileRef uid="3" />
              <SequencePoints>
                <SequencePoint vc="0" uspid="29" ordinal="0" offset="0" sl="34" sc="5" el="34" ec="6" bec="0" bev="0" fileid="3" />
                <SequencePoint vc="0" uspid="30" ordinal="1" offset="1" sl="36" sc="7" el="36" ec="57" bec="0" bev="0" fileid="3" />
                <SequencePoint vc="0" uspid="31" ordinal="2" offset="12" sl="37" sc="7" el="37" ec="122" bec="0" bev="0" fileid="3" />
                <SequencePoint vc="0" uspid="32" ordinal="3" offset="35" sl="39" sc="7" el="39" ec="103" bec="0" bev="0" fileid="3" />
                <SequencePoint vc="0" uspid="33" ordinal="4" offset="58" sl="40" sc="5" el="40" ec="6" bec="0" bev="0" fileid="3" />
              </SequencePoints>
              <BranchPoints />
              <MethodPoint xsi:type="SequencePoint" vc="0" uspid="29" ordinal="0" offset="0" sl="34" sc="5" el="34" ec="6" bec="0" bev="0" fileid="3" />
            </Method>
            <Method visited="false" cyclomaticComplexity="6" nPathComplexity="32" sequenceCoverage="0" branchCoverage="0" crapScore="42" isConstructor="false" isStatic="true" isGetter="false" isSetter="false">
              <Summary numSequencePoints="41" visitedSequencePoints="0" numBranchPoints="11" visitedBranchPoints="0" sequenceCoverage="0" branchCoverage="0" maxCyclomaticComplexity="6" minCyclomaticComplexity="6" maxCrapScore="42" minCrapScore="42" visitedClasses="0" numClasses="0" visitedMethods="0" numMethods="1" />
              <MetadataToken>100663299</MetadataToken>
              <Name>System.Void RobotCleaner.Program::CleanWorld(System.Int32,System.Int32,System.Int32)</Name>
              <FileRef uid="3" />
              <SequencePoints>
                <SequencePoint vc="0" uspid="34" ordinal="0" offset="0" sl="45" sc="5" el="45" ec="6" bec="0" bev="0" fileid="3" />
                <SequencePoint vc="0" uspid="35" ordinal="1" offset="1" sl="47" sc="7" el="47" ec="50" bec="0" bev="0" fileid="3" />
                <SequencePoint vc="0" uspid="36" ordinal="2" offset="8" sl="48" sc="7" el="48" ec="26" bec="0" bev="0" fileid="3" />
                <SequencePoint vc="0" uspid="37" ordinal="3" offset="10" sl="49" sc="7" el="49" ec="34" bec="0" bev="0" fileid="3" />
                <SequencePoint vc="0" uspid="38" ordinal="4" offset="12" sl="50" sc="7" el="50" ec="34" bec="0" bev="0" fileid="3" />
                <SequencePoint vc="0" uspid="39" ordinal="5" offset="14" sl="52" sc="12" el="52" ec="21" bec="0" bev="0" fileid="3" />
                <SequencePoint vc="0" uspid="40" ordinal="6" offset="22" sl="53" sc="7" el="53" ec="8" bec="0" bev="0" fileid="3" />
                <SequencePoint vc="0" uspid="41" ordinal="7" offset="23" sl="54" sc="9" el="54" ec="113" bec="0" bev="0" fileid="3" />
                <SequencePoint vc="0" uspid="42" ordinal="8" offset="47" sl="55" sc="9" el="55" ec="47" bec="0" bev="0" fileid="3" />
                <SequencePoint vc="0" uspid="43" ordinal="9" offset="53" sl="56" sc="9" el="56" ec="51" bec="0" bev="0" fileid="3" />
                <SequencePoint vc="0" uspid="44" ordinal="10" offset="64" sl="57" sc="9" el="57" ec="23" bec="0" bev="0" fileid="3" />
                <SequencePoint vc="0" uspid="45" ordinal="11" offset="67" sl="58" sc="9" el="58" ec="23" bec="0" bev="0" fileid="3" />
                <SequencePoint vc="0" uspid="46" ordinal="12" offset="70" sl="59" sc="9" el="59" ec="58" bec="0" bev="0" fileid="3" />
                <SequencePoint vc="0" uspid="47" ordinal="13" offset="73" sl="60" sc="9" el="60" ec="34" bec="8" bev="0" fileid="3" />
                <SequencePoint vc="0" uspid="48" ordinal="14" offset="135" sl="63" sc="13" el="63" ec="34" bec="0" bev="0" fileid="3" />
                <SequencePoint vc="0" uspid="49" ordinal="15" offset="139" sl="64" sc="13" el="64" ec="50" bec="0" bev="0" fileid="3" />
                <SequencePoint vc="0" uspid="50" ordinal="16" offset="142" sl="65" sc="13" el="65" ec="19" bec="0" bev="0" fileid="3" />
                <SequencePoint vc="0" uspid="51" ordinal="17" offset="144" sl="67" sc="13" el="67" ec="35" bec="0" bev="0" fileid="3" />
                <SequencePoint vc="0" uspid="52" ordinal="18" offset="149" sl="68" sc="13" el="68" ec="50" bec="0" bev="0" fileid="3" />
                <SequencePoint vc="0" uspid="53" ordinal="19" offset="152" sl="69" sc="13" el="69" ec="19" bec="0" bev="0" fileid="3" />
                <SequencePoint vc="0" uspid="54" ordinal="20" offset="154" sl="71" sc="13" el="71" ec="35" bec="0" bev="0" fileid="3" />
                <SequencePoint vc="0" uspid="55" ordinal="21" offset="159" sl="72" sc="13" el="72" ec="48" bec="0" bev="0" fileid="3" />
                <SequencePoint vc="0" uspid="56" ordinal="22" offset="162" sl="73" sc="13" el="73" ec="19" bec="0" bev="0" fileid="3" />
                <SequencePoint vc="0" uspid="57" ordinal="23" offset="164" sl="75" sc="13" el="75" ec="34" bec="0" bev="0" fileid="3" />
                <SequencePoint vc="0" uspid="58" ordinal="24" offset="168" sl="76" sc="13" el="76" ec="48" bec="0" bev="0" fileid="3" />
                <SequencePoint vc="0" uspid="59" ordinal="25" offset="171" sl="77" sc="13" el="77" ec="19" bec="0" bev="0" fileid="3" />
                <SequencePoint vc="0" uspid="60" ordinal="26" offset="173" sl="79" sc="13" el="79" ec="19" bec="0" bev="0" fileid="3" />
                <SequencePoint vc="0" uspid="61" ordinal="27" offset="175" sl="82" sc="9" el="82" ec="43" bec="0" bev="0" fileid="3" />
                <SequencePoint vc="0" uspid="62" ordinal="28" offset="181" sl="83" sc="9" el="83" ec="43" bec="0" bev="0" fileid="3" />
                <SequencePoint vc="0" uspid="63" ordinal="29" offset="187" sl="85" sc="9" el="85" ec="94" bec="0" bev="0" fileid="3" />
                <SequencePoint vc="0" uspid="64" ordinal="30" offset="202" sl="87" sc="9" el="87" ec="66" bec="0" bev="0" fileid="3" />
                <SequencePoint vc="0" uspid="65" ordinal="31" offset="214" sl="88" sc="9" el="88" ec="46" bec="0" bev="0" fileid="3" />
                <SequencePoint vc="0" uspid="66" ordinal="32" offset="222" sl="89" sc="9" el="89" ec="36" bec="0" bev="0" fileid="3" />
                <SequencePoint vc="0" uspid="67" ordinal="33" offset="232" sl="90" sc="9" el="90" ec="31" bec="0" bev="0" fileid="3" />
                <SequencePoint vc="0" uspid="68" ordinal="34" offset="235" sl="91" sc="9" el="91" ec="31" bec="0" bev="0" fileid="3" />
                <SequencePoint vc="0" uspid="69" ordinal="35" offset="238" sl="93" sc="7" el="93" ec="8" bec="0" bev="0" fileid="3" />
                <SequencePoint vc="0" uspid="70" ordinal="36" offset="239" sl="52" sc="42" el="52" ec="45" bec="0" bev="0" fileid="3" />
                <SequencePoint vc="0" uspid="71" ordinal="37" offset="245" sl="52" sc="23" el="52" ec="40" bec="2" bev="0" fileid="3" />
                <SequencePoint vc="0" uspid="72" ordinal="38" offset="259" sl="95" sc="7" el="95" ec="60" bec="0" bev="0" fileid="3" />
                <SequencePoint vc="0" uspid="73" ordinal="39" offset="278" sl="96" sc="7" el="96" ec="26" bec="0" bev="0" fileid="3" />
                <SequencePoint vc="0" uspid="74" ordinal="40" offset="284" sl="97" sc="5" el="97" ec="6" bec="0" bev="0" fileid="3" />
              </SequencePoints>
              <BranchPoints>
                <BranchPoint vc="0" uspid="75" ordinal="0" offset="89" sl="60" path="0" offsetend="91" fileid="3" />
                <BranchPoint vc="0" uspid="76" ordinal="1" offset="89" sl="60" path="1" offsetend="135" fileid="3" />
                <BranchPoint vc="0" uspid="77" ordinal="2" offset="103" sl="60" path="0" offsetend="105" fileid="3" />
                <BranchPoint vc="0" uspid="78" ordinal="3" offset="103" sl="60" path="1" offsetend="144" fileid="3" />
                <BranchPoint vc="0" uspid="79" ordinal="4" offset="117" sl="60" path="0" offsetend="119" fileid="3" />
                <BranchPoint vc="0" uspid="80" ordinal="5" offset="117" sl="60" path="1" offsetend="154" fileid="3" />
                <BranchPoint vc="0" uspid="81" ordinal="6" offset="131" sl="60" path="0" offsetchain="133 173" offsetend="175" fileid="3" />
                <BranchPoint vc="0" uspid="82" ordinal="7" offset="131" sl="60" path="1" offsetend="164" fileid="3" />
                <BranchPoint vc="0" uspid="83" ordinal="8" offset="254" sl="52" path="0" offsetend="259" fileid="3" />
                <BranchPoint vc="0" uspid="84" ordinal="9" offset="254" sl="52" path="1" offsetend="22" fileid="3" />
              </BranchPoints>
              <MethodPoint xsi:type="SequencePoint" vc="0" uspid="34" ordinal="0" offset="0" sl="45" sc="5" el="45" ec="6" bec="0" bev="0" fileid="3" />
            </Method>
            <Method visited="false" cyclomaticComplexity="4" nPathComplexity="8" sequenceCoverage="0" branchCoverage="0" crapScore="20" isConstructor="false" isStatic="true" isGetter="false" isSetter="false">
              <Summary numSequencePoints="18" visitedSequencePoints="0" numBranchPoints="7" visitedBranchPoints="0" sequenceCoverage="0" branchCoverage="0" maxCyclomaticComplexity="4" minCyclomaticComplexity="4" maxCrapScore="20" minCrapScore="20" visitedClasses="0" numClasses="0" visitedMethods="0" numMethods="1" />
              <MetadataToken>100663300</MetadataToken>
              <Name>System.Int32 RobotCleaner.Program::CheckForOverlap(RobotCleaner.Line,RobotCleaner.Line[],System.Int32)</Name>
              <FileRef uid="3" />
              <SequencePoints>
                <SequencePoint vc="0" uspid="85" ordinal="0" offset="0" sl="100" sc="5" el="100" ec="6" bec="0" bev="0" fileid="3" />
                <SequencePoint vc="0" uspid="86" ordinal="1" offset="1" sl="101" sc="7" el="101" ec="28" bec="0" bev="0" fileid="3" />
                <SequencePoint vc="0" uspid="87" ordinal="2" offset="3" sl="102" sc="12" el="102" ec="21" bec="0" bev="0" fileid="3" />
                <SequencePoint vc="0" uspid="88" ordinal="3" offset="7" sl="103" sc="7" el="103" ec="8" bec="0" bev="0" fileid="3" />
                <SequencePoint vc="0" uspid="89" ordinal="4" offset="8" sl="104" sc="9" el="104" ec="41" bec="0" bev="0" fileid="3" />
                <SequencePoint vc="0" uspid="90" ordinal="5" offset="16" sl="105" sc="9" el="105" ec="66" bec="2" bev="0" fileid="3" />
                <SequencePoint vc="0" uspid="91" ordinal="6" offset="33" sl="106" sc="9" el="106" ec="10" bec="0" bev="0" fileid="3" />
                <SequencePoint vc="0" uspid="92" ordinal="7" offset="34" sl="107" sc="11" el="107" ec="70" bec="0" bev="0" fileid="3" />
                <SequencePoint vc="0" uspid="93" ordinal="8" offset="50" sl="108" sc="9" el="108" ec="10" bec="0" bev="0" fileid="3" />
                <SequencePoint vc="0" uspid="94" ordinal="9" offset="53" sl="109" sc="14" el="109" ec="69" bec="2" bev="0" fileid="3" />
                <SequencePoint vc="0" uspid="95" ordinal="10" offset="76" sl="110" sc="9" el="110" ec="10" bec="0" bev="0" fileid="3" />
                <SequencePoint vc="0" uspid="96" ordinal="11" offset="77" sl="111" sc="11" el="111" ec="74" bec="0" bev="0" fileid="3" />
                <SequencePoint vc="0" uspid="97" ordinal="12" offset="93" sl="112" sc="9" el="112" ec="10" bec="0" bev="0" fileid="3" />
                <SequencePoint vc="0" uspid="98" ordinal="13" offset="94" sl="113" sc="7" el="113" ec="8" bec="0" bev="0" fileid="3" />
                <SequencePoint vc="0" uspid="99" ordinal="14" offset="95" sl="102" sc="42" el="102" ec="45" bec="0" bev="0" fileid="3" />
                <SequencePoint vc="0" uspid="100" ordinal="15" offset="99" sl="102" sc="23" el="102" ec="40" bec="2" bev="0" fileid="3" />
                <SequencePoint vc="0" uspid="101" ordinal="16" offset="109" sl="115" sc="7" el="115" ec="27" bec="0" bev="0" fileid="3" />
                <SequencePoint vc="0" uspid="102" ordinal="17" offset="114" sl="116" sc="5" el="116" ec="6" bec="0" bev="0" fileid="3" />
              </SequencePoints>
              <BranchPoints>
                <BranchPoint vc="0" uspid="103" ordinal="0" offset="31" sl="105" path="0" offsetend="33" fileid="3" />
                <BranchPoint vc="0" uspid="104" ordinal="1" offset="31" sl="105" path="1" offsetend="53" fileid="3" />
                <BranchPoint vc="0" uspid="105" ordinal="2" offset="74" sl="109" path="0" offsetend="76" fileid="3" />
                <BranchPoint vc="0" uspid="106" ordinal="3" offset="74" sl="109" path="1" offsetend="94" fileid="3" />
                <BranchPoint vc="0" uspid="107" ordinal="4" offset="107" sl="102" path="0" offsetend="109" fileid="3" />
                <BranchPoint vc="0" uspid="108" ordinal="5" offset="107" sl="102" path="1" offsetend="7" fileid="3" />
              </BranchPoints>
              <MethodPoint xsi:type="SequencePoint" vc="0" uspid="85" ordinal="0" offset="0" sl="100" sc="5" el="100" ec="6" bec="0" bev="0" fileid="3" />
            </Method>
            <Method visited="false" cyclomaticComplexity="3" nPathComplexity="4" sequenceCoverage="0" branchCoverage="0" crapScore="12" isConstructor="false" isStatic="true" isGetter="false" isSetter="false">
              <Summary numSequencePoints="10" visitedSequencePoints="0" numBranchPoints="5" visitedBranchPoints="0" sequenceCoverage="0" branchCoverage="0" maxCyclomaticComplexity="3" minCyclomaticComplexity="3" maxCrapScore="12" minCrapScore="12" visitedClasses="0" numClasses="0" visitedMethods="0" numMethods="1" />
              <MetadataToken>100663301</MetadataToken>
              <Name>System.Boolean RobotCleaner.Program::EvaluateParallelAndOverlap(RobotCleaner.Line,RobotCleaner.Line)</Name>
              <FileRef uid="3" />
              <SequencePoints>
                <SequencePoint vc="0" uspid="109" ordinal="0" offset="0" sl="119" sc="5" el="119" ec="6" bec="0" bev="0" fileid="3" />
                <SequencePoint vc="0" uspid="110" ordinal="1" offset="1" sl="120" sc="7" el="120" ec="50" bec="2" bev="0" fileid="3" />
                <SequencePoint vc="0" uspid="111" ordinal="2" offset="19" sl="121" sc="7" el="121" ec="8" bec="0" bev="0" fileid="3" />
                <SequencePoint vc="0" uspid="112" ordinal="3" offset="20" sl="122" sc="9" el="122" ec="56" bec="2" bev="0" fileid="3" />
                <SequencePoint vc="0" uspid="113" ordinal="4" offset="33" sl="123" sc="9" el="123" ec="10" bec="0" bev="0" fileid="3" />
                <SequencePoint vc="0" uspid="114" ordinal="5" offset="34" sl="124" sc="11" el="124" ec="53" bec="0" bev="0" fileid="3" />
                <SequencePoint vc="0" uspid="115" ordinal="6" offset="51" sl="127" sc="9" el="127" ec="10" bec="0" bev="0" fileid="3" />
                <SequencePoint vc="0" uspid="116" ordinal="7" offset="52" sl="128" sc="11" el="128" ec="53" bec="0" bev="0" fileid="3" />
                <SequencePoint vc="0" uspid="117" ordinal="8" offset="69" sl="131" sc="7" el="131" ec="20" bec="0" bev="0" fileid="3" />
                <SequencePoint vc="0" uspid="118" ordinal="9" offset="73" sl="132" sc="5" el="132" ec="6" bec="0" bev="0" fileid="3" />
              </SequencePoints>
              <BranchPoints>
                <BranchPoint vc="0" uspid="119" ordinal="0" offset="17" sl="120" path="0" offsetend="19" fileid="3" />
                <BranchPoint vc="0" uspid="120" ordinal="1" offset="17" sl="120" path="1" offsetend="69" fileid="3" />
                <BranchPoint vc="0" uspid="121" ordinal="2" offset="31" sl="122" path="0" offsetend="33" fileid="3" />
                <BranchPoint vc="0" uspid="122" ordinal="3" offset="31" sl="122" path="1" offsetend="51" fileid="3" />
              </BranchPoints>
              <MethodPoint xsi:type="SequencePoint" vc="0" uspid="109" ordinal="0" offset="0" sl="119" sc="5" el="119" ec="6" bec="0" bev="0" fileid="3" />
            </Method>
            <Method visited="false" cyclomaticComplexity="10" nPathComplexity="8" sequenceCoverage="0" branchCoverage="0" crapScore="110" isConstructor="false" isStatic="true" isGetter="false" isSetter="false">
              <Summary numSequencePoints="14" visitedSequencePoints="0" numBranchPoints="7" visitedBranchPoints="0" sequenceCoverage="0" branchCoverage="0" maxCyclomaticComplexity="10" minCyclomaticComplexity="10" maxCrapScore="110" minCrapScore="110" visitedClasses="0" numClasses="0" visitedMethods="0" numMethods="1" />
              <MetadataToken>100663302</MetadataToken>
              <Name>System.Int32 RobotCleaner.Program::IntersectionOverlap(RobotCleaner.Line,RobotCleaner.Line)</Name>
              <FileRef uid="3" />
              <SequencePoints>
                <SequencePoint vc="0" uspid="123" ordinal="0" offset="0" sl="135" sc="5" el="135" ec="6" bec="0" bev="0" fileid="3" />
                <SequencePoint vc="0" uspid="124" ordinal="1" offset="1" sl="136" sc="7" el="136" ec="55" bec="2" bev="0" fileid="3" />
                <SequencePoint vc="0" uspid="125" ordinal="2" offset="14" sl="137" sc="7" el="137" ec="8" bec="0" bev="0" fileid="3" />
                <SequencePoint vc="0" uspid="126" ordinal="3" offset="15" sl="138" sc="9" el="138" ec="156" bec="2" bev="0" fileid="3" />
                <SequencePoint vc="0" uspid="127" ordinal="4" offset="81" sl="139" sc="9" el="139" ec="10" bec="0" bev="0" fileid="3" />
                <SequencePoint vc="0" uspid="128" ordinal="5" offset="82" sl="140" sc="11" el="140" ec="20" bec="0" bev="0" fileid="3" />
                <SequencePoint vc="0" uspid="129" ordinal="6" offset="86" sl="142" sc="7" el="142" ec="8" bec="0" bev="0" fileid="3" />
                <SequencePoint vc="0" uspid="130" ordinal="7" offset="89" sl="144" sc="7" el="144" ec="8" bec="0" bev="0" fileid="3" />
                <SequencePoint vc="0" uspid="131" ordinal="8" offset="90" sl="145" sc="9" el="145" ec="156" bec="2" bev="0" fileid="3" />
                <SequencePoint vc="0" uspid="132" ordinal="9" offset="156" sl="146" sc="9" el="146" ec="10" bec="0" bev="0" fileid="3" />
                <SequencePoint vc="0" uspid="133" ordinal="10" offset="157" sl="147" sc="11" el="147" ec="20" bec="0" bev="0" fileid="3" />
                <SequencePoint vc="0" uspid="134" ordinal="11" offset="161" sl="149" sc="7" el="149" ec="8" bec="0" bev="0" fileid="3" />
                <SequencePoint vc="0" uspid="135" ordinal="12" offset="162" sl="150" sc="7" el="150" ec="16" bec="0" bev="0" fileid="3" />
                <SequencePoint vc="0" uspid="136" ordinal="13" offset="166" sl="151" sc="5" el="151" ec="6" bec="0" bev="0" fileid="3" />
              </SequencePoints>
              <BranchPoints>
                <BranchPoint vc="0" uspid="137" ordinal="0" offset="12" sl="136" path="0" offsetend="14" fileid="3" />
                <BranchPoint vc="0" uspid="138" ordinal="1" offset="12" sl="136" path="1" offsetend="89" fileid="3" />
                <BranchPoint vc="0" uspid="145" ordinal="8" offset="79" sl="138" path="0" offsetend="81" fileid="3" />
                <BranchPoint vc="0" uspid="146" ordinal="9" offset="79" sl="138" path="1" offsetend="86" fileid="3" />
                <BranchPoint vc="0" uspid="153" ordinal="16" offset="154" sl="145" path="0" offsetend="156" fileid="3" />
                <BranchPoint vc="0" uspid="154" ordinal="17" offset="154" sl="145" path="1" offsetend="161" fileid="3" />
              </BranchPoints>
              <MethodPoint xsi:type="SequencePoint" vc="0" uspid="123" ordinal="0" offset="0" sl="135" sc="5" el="135" ec="6" bec="0" bev="0" fileid="3" />
            </Method>
            <Method visited="true" cyclomaticComplexity="3" nPathComplexity="4" sequenceCoverage="76" branchCoverage="80" crapScore="3.12" isConstructor="false" isStatic="true" isGetter="false" isSetter="false">
              <Summary numSequencePoints="25" visitedSequencePoints="19" numBranchPoints="5" visitedBranchPoints="4" sequenceCoverage="76" branchCoverage="80" maxCyclomaticComplexity="3" minCyclomaticComplexity="3" maxCrapScore="3.12" minCrapScore="3.12" visitedClasses="0" numClasses="0" visitedMethods="1" numMethods="1" />
              <MetadataToken>100663303</MetadataToken>
              <Name>System.Int32 RobotCleaner.Program::ParallelOverlap(RobotCleaner.Line,RobotCleaner.Line)</Name>
              <FileRef uid="3" />
              <SequencePoints>
                <SequencePoint vc="4" uspid="155" ordinal="0" offset="0" sl="154" sc="5" el="154" ec="6" bec="0" bev="0" fileid="3">
                  <TrackedMethodRefs>
                    <TrackedMethodRef uid="4" vc="1" />
                    <TrackedMethodRef uid="3" vc="1" />
                    <TrackedMethodRef uid="2" vc="1" />
                    <TrackedMethodRef uid="1" vc="1" />
                  </TrackedMethodRefs>
                </SequencePoint>
                <SequencePoint vc="4" uspid="156" ordinal="1" offset="1" sl="156" sc="7" el="156" ec="55" bec="2" bev="1" fileid="3">
                  <TrackedMethodRefs>
                    <TrackedMethodRef uid="4" vc="1" />
                    <TrackedMethodRef uid="3" vc="1" />
                    <TrackedMethodRef uid="2" vc="1" />
                    <TrackedMethodRef uid="1" vc="1" />
                  </TrackedMethodRefs>
                </SequencePoint>
                <SequencePoint vc="4" uspid="157" ordinal="2" offset="16" sl="157" sc="7" el="157" ec="8" bec="0" bev="0" fileid="3">
                  <TrackedMethodRefs>
                    <TrackedMethodRef uid="4" vc="1" />
                    <TrackedMethodRef uid="3" vc="1" />
                    <TrackedMethodRef uid="2" vc="1" />
                    <TrackedMethodRef uid="1" vc="1" />
                  </TrackedMethodRefs>
                </SequencePoint>
                <SequencePoint vc="4" uspid="158" ordinal="3" offset="17" sl="158" sc="9" el="158" ec="34" bec="0" bev="0" fileid="3">
                  <TrackedMethodRefs>
                    <TrackedMethodRef uid="4" vc="1" />
                    <TrackedMethodRef uid="3" vc="1" />
                    <TrackedMethodRef uid="2" vc="1" />
                    <TrackedMethodRef uid="1" vc="1" />
                  </TrackedMethodRefs>
                </SequencePoint>
                <SequencePoint vc="4" uspid="159" ordinal="4" offset="24" sl="159" sc="9" el="159" ec="30" bec="0" bev="0" fileid="3">
                  <TrackedMethodRefs>
                    <TrackedMethodRef uid="4" vc="1" />
                    <TrackedMethodRef uid="3" vc="1" />
                    <TrackedMethodRef uid="2" vc="1" />
                    <TrackedMethodRef uid="1" vc="1" />
                  </TrackedMethodRefs>
                </SequencePoint>
                <SequencePoint vc="4" uspid="160" ordinal="5" offset="31" sl="160" sc="9" el="160" ec="34" bec="0" bev="0" fileid="3">
                  <TrackedMethodRefs>
                    <TrackedMethodRef uid="4" vc="1" />
                    <TrackedMethodRef uid="3" vc="1" />
                    <TrackedMethodRef uid="2" vc="1" />
                    <TrackedMethodRef uid="1" vc="1" />
                  </TrackedMethodRefs>
                </SequencePoint>
                <SequencePoint vc="4" uspid="161" ordinal="6" offset="38" sl="161" sc="9" el="161" ec="30" bec="0" bev="0" fileid="3">
                  <TrackedMethodRefs>
                    <TrackedMethodRef uid="4" vc="1" />
                    <TrackedMethodRef uid="3" vc="1" />
                    <TrackedMethodRef uid="2" vc="1" />
                    <TrackedMethodRef uid="1" vc="1" />
                  </TrackedMethodRefs>
                </SequencePoint>
                <SequencePoint vc="4" uspid="162" ordinal="7" offset="45" sl="162" sc="7" el="162" ec="8" bec="0" bev="0" fileid="3">
                  <TrackedMethodRefs>
                    <TrackedMethodRef uid="4" vc="1" />
                    <TrackedMethodRef uid="3" vc="1" />
                    <TrackedMethodRef uid="2" vc="1" />
                    <TrackedMethodRef uid="1" vc="1" />
                  </TrackedMethodRefs>
                </SequencePoint>
                <SequencePoint vc="0" uspid="163" ordinal="8" offset="48" sl="164" sc="7" el="164" ec="8" bec="0" bev="0" fileid="3" />
                <SequencePoint vc="0" uspid="164" ordinal="9" offset="49" sl="165" sc="9" el="165" ec="34" bec="0" bev="0" fileid="3" />
                <SequencePoint vc="0" uspid="165" ordinal="10" offset="56" sl="166" sc="9" el="166" ec="30" bec="0" bev="0" fileid="3" />
                <SequencePoint vc="0" uspid="166" ordinal="11" offset="63" sl="167" sc="9" el="167" ec="34" bec="0" bev="0" fileid="3" />
                <SequencePoint vc="0" uspid="167" ordinal="12" offset="70" sl="168" sc="9" el="168" ec="30" bec="0" bev="0" fileid="3" />
                <SequencePoint vc="0" uspid="168" ordinal="13" offset="77" sl="169" sc="7" el="169" ec="8" bec="0" bev="0" fileid="3" />
                <SequencePoint vc="4" uspid="169" ordinal="14" offset="78" sl="170" sc="9" el="170" ec="43" bec="0" bev="0" fileid="3">
                  <TrackedMethodRefs>
                    <TrackedMethodRef uid="4" vc="1" />
                    <TrackedMethodRef uid="3" vc="1" />
                    <TrackedMethodRef uid="2" vc="1" />
                    <TrackedMethodRef uid="1" vc="1" />
                  </TrackedMethodRefs>
                </SequencePoint>
                <SequencePoint vc="4" uspid="170" ordinal="15" offset="87" sl="171" sc="9" el="171" ec="43" bec="0" bev="0" fileid="3">
                  <TrackedMethodRefs>
                    <TrackedMethodRef uid="4" vc="1" />
                    <TrackedMethodRef uid="3" vc="1" />
                    <TrackedMethodRef uid="2" vc="1" />
                    <TrackedMethodRef uid="1" vc="1" />
                  </TrackedMethodRefs>
                </SequencePoint>
                <SequencePoint vc="4" uspid="171" ordinal="16" offset="96" sl="172" sc="9" el="172" ec="43" bec="0" bev="0" fileid="3">
                  <TrackedMethodRefs>
                    <TrackedMethodRef uid="4" vc="1" />
                    <TrackedMethodRef uid="3" vc="1" />
                    <TrackedMethodRef uid="2" vc="1" />
                    <TrackedMethodRef uid="1" vc="1" />
                  </TrackedMethodRefs>
                </SequencePoint>
                <SequencePoint vc="4" uspid="172" ordinal="17" offset="105" sl="173" sc="9" el="173" ec="43" bec="0" bev="0" fileid="3">
                  <TrackedMethodRefs>
                    <TrackedMethodRef uid="4" vc="1" />
                    <TrackedMethodRef uid="3" vc="1" />
                    <TrackedMethodRef uid="2" vc="1" />
                    <TrackedMethodRef uid="1" vc="1" />
                  </TrackedMethodRefs>
                </SequencePoint>
                <SequencePoint vc="4" uspid="173" ordinal="18" offset="114" sl="175" sc="9" el="175" ec="52" bec="0" bev="0" fileid="3">
                  <TrackedMethodRefs>
                    <TrackedMethodRef uid="4" vc="1" />
                    <TrackedMethodRef uid="3" vc="1" />
                    <TrackedMethodRef uid="2" vc="1" />
                    <TrackedMethodRef uid="1" vc="1" />
                  </TrackedMethodRefs>
                </SequencePoint>
                <SequencePoint vc="4" uspid="174" ordinal="19" offset="125" sl="176" sc="9" el="176" ec="52" bec="0" bev="0" fileid="3">
                  <TrackedMethodRefs>
                    <TrackedMethodRef uid="4" vc="1" />
                    <TrackedMethodRef uid="3" vc="1" />
                    <TrackedMethodRef uid="2" vc="1" />
                    <TrackedMethodRef uid="1" vc="1" />
                  </TrackedMethodRefs>
                </SequencePoint>
                <SequencePoint vc="4" uspid="175" ordinal="20" offset="136" sl="178" sc="9" el="178" ec="47" bec="2" bev="2" fileid="3">
                  <TrackedMethodRefs>
                    <TrackedMethodRef uid="4" vc="1" />
                    <TrackedMethodRef uid="3" vc="1" />
                    <TrackedMethodRef uid="2" vc="1" />
                    <TrackedMethodRef uid="1" vc="1" />
                  </TrackedMethodRefs>
                </SequencePoint>
                <SequencePoint vc="3" uspid="176" ordinal="21" offset="148" sl="179" sc="9" el="179" ec="10" bec="0" bev="0" fileid="3">
                  <TrackedMethodRefs>
                    <TrackedMethodRef uid="3" vc="1" />
                    <TrackedMethodRef uid="2" vc="1" />
                    <TrackedMethodRef uid="1" vc="1" />
                  </TrackedMethodRefs>
                </SequencePoint>
                <SequencePoint vc="3" uspid="177" ordinal="22" offset="149" sl="180" sc="11" el="180" ec="52" bec="0" bev="0" fileid="3">
                  <TrackedMethodRefs>
                    <TrackedMethodRef uid="3" vc="1" />
                    <TrackedMethodRef uid="2" vc="1" />
                    <TrackedMethodRef uid="1" vc="1" />
                  </TrackedMethodRefs>
                </SequencePoint>
                <SequencePoint vc="1" uspid="178" ordinal="23" offset="158" sl="183" sc="7" el="183" ec="16" bec="0" bev="0" fileid="3">
                  <TrackedMethodRefs>
                    <TrackedMethodRef uid="4" vc="1" />
                  </TrackedMethodRefs>
                </SequencePoint>
                <SequencePoint vc="4" uspid="179" ordinal="24" offset="163" sl="184" sc="5" el="184" ec="6" bec="0" bev="0" fileid="3">
                  <TrackedMethodRefs>
                    <TrackedMethodRef uid="4" vc="1" />
                    <TrackedMethodRef uid="3" vc="1" />
                    <TrackedMethodRef uid="2" vc="1" />
                    <TrackedMethodRef uid="1" vc="1" />
                  </TrackedMethodRefs>
                </SequencePoint>
              </SequencePoints>
              <BranchPoints>
                <BranchPoint vc="4" uspid="180" ordinal="0" offset="14" sl="156" path="0" offsetend="16" fileid="3">
                  <TrackedMethodRefs>
                    <TrackedMethodRef uid="4" vc="1" />
                    <TrackedMethodRef uid="3" vc="1" />
                    <TrackedMethodRef uid="2" vc="1" />
                    <TrackedMethodRef uid="1" vc="1" />
                  </TrackedMethodRefs>
                </BranchPoint>
                <BranchPoint vc="0" uspid="181" ordinal="1" offset="14" sl="156" path="1" offsetend="48" fileid="3" />
                <BranchPoint vc="3" uspid="182" ordinal="2" offset="146" sl="178" path="0" offsetend="148" fileid="3">
                  <TrackedMethodRefs>
                    <TrackedMethodRef uid="3" vc="1" />
                    <TrackedMethodRef uid="2" vc="1" />
                    <TrackedMethodRef uid="1" vc="1" />
                  </TrackedMethodRefs>
                </BranchPoint>
                <BranchPoint vc="1" uspid="183" ordinal="3" offset="146" sl="178" path="1" offsetend="158" fileid="3">
                  <TrackedMethodRefs>
                    <TrackedMethodRef uid="4" vc="1" />
                  </TrackedMethodRefs>
                </BranchPoint>
              </BranchPoints>
              <MethodPoint xsi:type="SequencePoint" vc="4" uspid="155" ordinal="0" offset="0" sl="154" sc="5" el="154" ec="6" bec="0" bev="0" fileid="3">
                <TrackedMethodRefs>
                  <TrackedMethodRef uid="4" vc="1" />
                  <TrackedMethodRef uid="3" vc="1" />
                  <TrackedMethodRef uid="2" vc="1" />
                  <TrackedMethodRef uid="1" vc="1" />
                </TrackedMethodRefs>
              </MethodPoint>
            </Method>
            <Method visited="false" cyclomaticComplexity="1" nPathComplexity="0" sequenceCoverage="0" branchCoverage="0" crapScore="2" isConstructor="true" isStatic="false" isGetter="false" isSetter="false">
              <Summary numSequencePoints="0" visitedSequencePoints="0" numBranchPoints="0" visitedBranchPoints="0" sequenceCoverage="0" branchCoverage="0" maxCyclomaticComplexity="1" minCyclomaticComplexity="1" maxCrapScore="2" minCrapScore="2" visitedClasses="0" numClasses="0" visitedMethods="0" numMethods="0" />
              <MetadataToken>100663304</MetadataToken>
              <Name>System.Void RobotCleaner.Program::.ctor()</Name>
              <SequencePoints />
              <BranchPoints />
              <MethodPoint vc="0" uspid="184" ordinal="0" offset="0" />
            </Method>
          </Methods>
        </Class>
      </Classes>
      <TrackedMethods />
    </Module>
  </Modules>
</CoverageSession>